

================================================================
== Vitis HLS Report for 'writeDram'
================================================================
* Date:           Tue Nov 12 11:52:52 2024

* Version:        2022.1 (Build 3526262 on Mon Apr 18 15:48:16 MDT 2022)
* Project:        dataflow
* Solution:       solution1 (Vitis Kernel Flow Target)
* Product family: zynquplus
* Target device:  xczu3eg-sbva484-1-i


================================================================
== Performance Estimates
================================================================
+ Timing: 
    * Summary: 
    +--------+----------+----------+------------+
    |  Clock |  Target  | Estimated| Uncertainty|
    +--------+----------+----------+------------+
    |ap_clk  |  10.00 ns|  7.300 ns|     2.70 ns|
    +--------+----------+----------+------------+

+ Latency: 
    * Summary: 
    +---------+---------+----------+----------+-----+-----+---------+
    |  Latency (cycles) |  Latency (absolute) |  Interval | Pipeline|
    |   min   |   max   |    min   |    max   | min | max |   Type  |
    +---------+---------+----------+----------+-----+-----+---------+
    |       75|       75|  0.750 us|  0.750 us|   75|   75|       no|
    +---------+---------+----------+----------+-----+-----+---------+

    + Detail: 
        * Instance: 
        N/A

        * Loop: 
        +-------------------+---------+---------+----------+-----------+-----------+------+----------+
        |                   |  Latency (cycles) | Iteration|  Initiation Interval  | Trip |          |
        |     Loop Name     |   min   |   max   |  Latency |  achieved |   target  | Count| Pipelined|
        +-------------------+---------+---------+----------+-----------+-----------+------+----------+
        |- Loop_Write_Dram  |        4|        4|         2|          -|          -|     2|        no|
        +-------------------+---------+---------+----------+-----------+-----------+------+----------+

============================================================
+ Verbose Summary: Synthesis Manager
============================================================
InlineROM: 1
ExposeGlobal: 0
============================================================
+ Verbose Summary: CDFG Model
============================================================
IsTopModel: 0
ResetActiveHigh: 1
IsCombinational: 2
IsDatapathOnly: 0
HasWiredReturn: 1
HasMFsm: 0
HasVarLatency: 1
IsPipeline: 0
IsRtlPipelined: 0
IsInstanceOverlapped: 0
IsDontTouch: 0
HasImplIP: 0
IsGatedGlobalClock: 0


============================================================
+ Verbose Summary: Schedule
============================================================
* Number of FSM states : 73
* Pipeline : 0
* Dataflow Pipeline: 0

* FSM state transitions: 
1 --> 2 
2 --> 3 4 
3 --> 2 
4 --> 5 
5 --> 6 
6 --> 7 
7 --> 8 
8 --> 9 
9 --> 10 
10 --> 11 
11 --> 12 
12 --> 13 
13 --> 14 
14 --> 15 
15 --> 16 
16 --> 17 
17 --> 18 
18 --> 19 
19 --> 20 
20 --> 21 
21 --> 22 
22 --> 23 
23 --> 24 
24 --> 25 
25 --> 26 
26 --> 27 
27 --> 28 
28 --> 29 
29 --> 30 
30 --> 31 
31 --> 32 
32 --> 33 
33 --> 34 
34 --> 35 
35 --> 36 
36 --> 37 
37 --> 38 
38 --> 39 
39 --> 40 
40 --> 41 
41 --> 42 
42 --> 43 
43 --> 44 
44 --> 45 
45 --> 46 
46 --> 47 
47 --> 48 
48 --> 49 
49 --> 50 
50 --> 51 
51 --> 52 
52 --> 53 
53 --> 54 
54 --> 55 
55 --> 56 
56 --> 57 
57 --> 58 
58 --> 59 
59 --> 60 
60 --> 61 
61 --> 62 
62 --> 63 
63 --> 64 
64 --> 65 
65 --> 66 
66 --> 67 
67 --> 68 
68 --> 69 
69 --> 70 
70 --> 71 
71 --> 72 
72 --> 73 
73 --> 

* FSM state operations: 

State 1 <SV = 0> <Delay = 2.16>
ST_1 : Operation 74 [1/1] (0.00ns)   --->   "%shiftreg = alloca i32 1"   --->   Operation 74 'alloca' 'shiftreg' <Predicate = true> <Delay = 0.00>
ST_1 : Operation 75 [1/1] (0.00ns)   --->   "%ki = alloca i32 1"   --->   Operation 75 'alloca' 'ki' <Predicate = true> <Delay = 0.00>
ST_1 : Operation 76 [1/1] (0.00ns)   --->   "%specinterface_ln0 = specinterface void @_ssdm_op_SpecInterface, i64 %output_r, void @ap_fifo_str, i32 0, i32 0, void @p_str, i32 0, i32 0, void @p_str, void @p_str, void @p_str, i32 2, i32 2, i32 16, i32 16, void @p_str, void @ScalarProp_str, i32 4294967295, i32 0"   --->   Operation 76 'specinterface' 'specinterface_ln0' <Predicate = true> <Delay = 0.00>
ST_1 : Operation 77 [1/1] (2.16ns)   --->   "%output_read = read i64 @_ssdm_op_Read.ap_fifo.i64P0A, i64 %output_r"   --->   Operation 77 'read' 'output_read' <Predicate = true> <Delay = 2.16> <CoreInst = "FIFO_SRL">   --->   Core 81 'FIFO_SRL' <Latency = 0> <II = 1> <Delay = 2.16> <Storage> <Opcode : 'read' 'write' 'nbread' 'nbwrite'> <Ports = 0> <Width = 64> <Depth = 4> <FIFO>
ST_1 : Operation 78 [1/1] (0.00ns)   --->   "%specstablecontent_ln0 = specstablecontent void @_ssdm_op_SpecStableContent, i32 %output_buf, void "   --->   Operation 78 'specstablecontent' 'specstablecontent_ln0' <Predicate = true> <Delay = 0.00>
ST_1 : Operation 79 [1/1] (0.00ns)   --->   "%specinterface_ln0 = specinterface void @_ssdm_op_SpecInterface, i64 %gmem1, void @empty, i32 0, i32 0, void @empty_0, i32 64, i32 64, void @empty_4, void @empty_2, void @empty_0, i32 16, i32 16, i32 16, i32 16, void @empty_0, void @empty_0, i32 4294967295, i32 0"   --->   Operation 79 'specinterface' 'specinterface_ln0' <Predicate = true> <Delay = 0.00>
ST_1 : Operation 80 [1/1] (0.48ns)   --->   "%store_ln87 = store i2 0, i2 %ki" [dataflow_ex_5.cpp:87]   --->   Operation 80 'store' 'store_ln87' <Predicate = true> <Delay = 0.48>
ST_1 : Operation 81 [1/1] (0.48ns)   --->   "%store_ln87 = store i64 0, i64 %shiftreg" [dataflow_ex_5.cpp:87]   --->   Operation 81 'store' 'store_ln87' <Predicate = true> <Delay = 0.48>
ST_1 : Operation 82 [1/1] (0.00ns)   --->   "%br_ln87 = br void %for.inc" [dataflow_ex_5.cpp:87]   --->   Operation 82 'br' 'br_ln87' <Predicate = true> <Delay = 0.00>

State 2 <SV = 1> <Delay = 1.11>
ST_2 : Operation 83 [1/1] (0.00ns)   --->   "%ki_1 = load i2 %ki" [dataflow_ex_5.cpp:89]   --->   Operation 83 'load' 'ki_1' <Predicate = true> <Delay = 0.00>
ST_2 : Operation 84 [1/1] (0.00ns)   --->   "%shl_ln89 = shl i2 %ki_1, i2 1" [dataflow_ex_5.cpp:89]   --->   Operation 84 'shl' 'shl_ln89' <Predicate = true> <Delay = 0.00>
ST_2 : Operation 85 [1/1] (0.00ns)   --->   "%zext_ln89 = zext i2 %shl_ln89" [dataflow_ex_5.cpp:89]   --->   Operation 85 'zext' 'zext_ln89' <Predicate = true> <Delay = 0.00>
ST_2 : Operation 86 [1/1] (0.00ns)   --->   "%output_buf_addr = getelementptr i32 %output_buf, i64 0, i64 %zext_ln89" [dataflow_ex_5.cpp:89]   --->   Operation 86 'getelementptr' 'output_buf_addr' <Predicate = true> <Delay = 0.00>
ST_2 : Operation 87 [1/1] (0.51ns)   --->   "%icmp_ln87 = icmp_eq  i2 %ki_1, i2 2" [dataflow_ex_5.cpp:87]   --->   Operation 87 'icmp' 'icmp_ln87' <Predicate = true> <Delay = 0.51> <CoreInst = "Cmp">   --->   Core 9 'Cmp' <Latency = 0> <II = 1> <Delay = 0.51> <FuncUnit> <Opcode : 'icmp'> <InPorts = 2> <OutPorts = 1>
ST_2 : Operation 88 [1/1] (0.00ns)   --->   "%empty = speclooptripcount i32 @_ssdm_op_SpecLoopTripCount, i64 2, i64 2, i64 2"   --->   Operation 88 'speclooptripcount' 'empty' <Predicate = true> <Delay = 0.00>
ST_2 : Operation 89 [1/1] (0.62ns)   --->   "%add_ln87 = add i2 %ki_1, i2 1" [dataflow_ex_5.cpp:87]   --->   Operation 89 'add' 'add_ln87' <Predicate = true> <Delay = 0.62> <CoreInst = "Adder">   --->   Core 1 'Adder' <Latency = 0> <II = 1> <Delay = 0.62> <FuncUnit> <Opcode : 'add' 'sub'> <InPorts = 2> <OutPorts = 1>
ST_2 : Operation 90 [1/1] (0.00ns)   --->   "%br_ln87 = br i1 %icmp_ln87, void %for.inc.split, void %for.end" [dataflow_ex_5.cpp:87]   --->   Operation 90 'br' 'br_ln87' <Predicate = true> <Delay = 0.00>
ST_2 : Operation 91 [2/2] (0.79ns)   --->   "%output_buf_load = load i2 %output_buf_addr" [dataflow_ex_5.cpp:89]   --->   Operation 91 'load' 'output_buf_load' <Predicate = (!icmp_ln87)> <Delay = 0.79> <CoreInst = "RAM">   --->   Core 83 'RAM' <Latency = 1> <II = 1> <Delay = 0.79> <Storage> <Opcode : 'load' 'store'> <Ports = 2> <Width = 32> <Depth = 4> <RAM>
ST_2 : Operation 92 [1/1] (0.48ns)   --->   "%store_ln87 = store i2 %add_ln87, i2 %ki" [dataflow_ex_5.cpp:87]   --->   Operation 92 'store' 'store_ln87' <Predicate = (!icmp_ln87)> <Delay = 0.48>
ST_2 : Operation 93 [1/1] (0.00ns)   --->   "%trunc_ln = partselect i61 @_ssdm_op_PartSelect.i61.i64.i32.i32, i64 %output_read, i32 3, i32 63" [dataflow_ex_5.cpp:91]   --->   Operation 93 'partselect' 'trunc_ln' <Predicate = (icmp_ln87)> <Delay = 0.00>

State 3 <SV = 2> <Delay = 1.27>
ST_3 : Operation 94 [1/1] (0.00ns)   --->   "%shiftreg_load_1 = load i64 %shiftreg" [dataflow_ex_5.cpp:89]   --->   Operation 94 'load' 'shiftreg_load_1' <Predicate = true> <Delay = 0.00>
ST_3 : Operation 95 [1/1] (0.00ns)   --->   "%specloopname_ln87 = specloopname void @_ssdm_op_SpecLoopName, void @empty_23" [dataflow_ex_5.cpp:87]   --->   Operation 95 'specloopname' 'specloopname_ln87' <Predicate = true> <Delay = 0.00>
ST_3 : Operation 96 [1/2] (0.79ns)   --->   "%output_buf_load = load i2 %output_buf_addr" [dataflow_ex_5.cpp:89]   --->   Operation 96 'load' 'output_buf_load' <Predicate = true> <Delay = 0.79> <CoreInst = "RAM">   --->   Core 83 'RAM' <Latency = 1> <II = 1> <Delay = 0.79> <Storage> <Opcode : 'load' 'store'> <Ports = 2> <Width = 32> <Depth = 4> <RAM>
ST_3 : Operation 97 [1/1] (0.00ns)   --->   "%lshr_ln = partselect i32 @_ssdm_op_PartSelect.i32.i64.i32.i32, i64 %shiftreg_load_1, i32 32, i32 63" [dataflow_ex_5.cpp:89]   --->   Operation 97 'partselect' 'lshr_ln' <Predicate = true> <Delay = 0.00>
ST_3 : Operation 98 [1/1] (0.00ns)   --->   "%or_ln = bitconcatenate i64 @_ssdm_op_BitConcatenate.i64.i32.i32, i32 %output_buf_load, i32 %lshr_ln" [dataflow_ex_5.cpp:89]   --->   Operation 98 'bitconcatenate' 'or_ln' <Predicate = true> <Delay = 0.00>
ST_3 : Operation 99 [1/1] (0.48ns)   --->   "%store_ln87 = store i64 %or_ln, i64 %shiftreg" [dataflow_ex_5.cpp:87]   --->   Operation 99 'store' 'store_ln87' <Predicate = true> <Delay = 0.48>
ST_3 : Operation 100 [1/1] (0.00ns)   --->   "%br_ln87 = br void %for.inc" [dataflow_ex_5.cpp:87]   --->   Operation 100 'br' 'br_ln87' <Predicate = true> <Delay = 0.00>

State 4 <SV = 2> <Delay = 7.30>
ST_4 : Operation 101 [1/1] (0.00ns)   --->   "%sext_ln91 = sext i61 %trunc_ln" [dataflow_ex_5.cpp:91]   --->   Operation 101 'sext' 'sext_ln91' <Predicate = true> <Delay = 0.00>
ST_4 : Operation 102 [1/1] (0.00ns)   --->   "%gmem1_addr = getelementptr i64 %gmem1, i64 %sext_ln91" [dataflow_ex_5.cpp:91]   --->   Operation 102 'getelementptr' 'gmem1_addr' <Predicate = true> <Delay = 0.00>
ST_4 : Operation 103 [1/1] (7.30ns)   --->   "%gmem1_addr_req = writereq i1 @_ssdm_op_WriteReq.m_axi.i64P1A, i64 %gmem1_addr, i32 1" [dataflow_ex_5.cpp:91]   --->   Operation 103 'writereq' 'gmem1_addr_req' <Predicate = true> <Delay = 7.30> <CoreInst = "m_axi">   --->   Core 121 'm_axi' <Latency = 0> <II = 1> <Delay = 1.00> <Adapter> <Opcode : 'read' 'write' 'readreq' 'writereq' 'writeresp'>

State 5 <SV = 3> <Delay = 7.30>
ST_5 : Operation 104 [1/1] (0.00ns)   --->   "%shiftreg_load = load i64 %shiftreg" [dataflow_ex_5.cpp:91]   --->   Operation 104 'load' 'shiftreg_load' <Predicate = true> <Delay = 0.00>
ST_5 : Operation 105 [1/1] (7.30ns)   --->   "%write_ln91 = write void @_ssdm_op_Write.m_axi.i64P1A, i64 %gmem1_addr, i64 %shiftreg_load, i8 255" [dataflow_ex_5.cpp:91]   --->   Operation 105 'write' 'write_ln91' <Predicate = true> <Delay = 7.30> <CoreInst = "m_axi">   --->   Core 121 'm_axi' <Latency = 0> <II = 1> <Delay = 1.00> <Adapter> <Opcode : 'read' 'write' 'readreq' 'writereq' 'writeresp'>

State 6 <SV = 4> <Delay = 7.30>
ST_6 : Operation 106 [68/68] (7.30ns)   --->   "%gmem1_addr_resp = writeresp i1 @_ssdm_op_WriteResp.m_axi.i64P1A, i64 %gmem1_addr" [dataflow_ex_5.cpp:91]   --->   Operation 106 'writeresp' 'gmem1_addr_resp' <Predicate = true> <Delay = 7.30> <CoreInst = "m_axi">   --->   Core 121 'm_axi' <Latency = 0> <II = 1> <Delay = 1.00> <Adapter> <Opcode : 'read' 'write' 'readreq' 'writereq' 'writeresp'>

State 7 <SV = 5> <Delay = 7.30>
ST_7 : Operation 107 [67/68] (7.30ns)   --->   "%gmem1_addr_resp = writeresp i1 @_ssdm_op_WriteResp.m_axi.i64P1A, i64 %gmem1_addr" [dataflow_ex_5.cpp:91]   --->   Operation 107 'writeresp' 'gmem1_addr_resp' <Predicate = true> <Delay = 7.30> <CoreInst = "m_axi">   --->   Core 121 'm_axi' <Latency = 0> <II = 1> <Delay = 1.00> <Adapter> <Opcode : 'read' 'write' 'readreq' 'writereq' 'writeresp'>

State 8 <SV = 6> <Delay = 7.30>
ST_8 : Operation 108 [66/68] (7.30ns)   --->   "%gmem1_addr_resp = writeresp i1 @_ssdm_op_WriteResp.m_axi.i64P1A, i64 %gmem1_addr" [dataflow_ex_5.cpp:91]   --->   Operation 108 'writeresp' 'gmem1_addr_resp' <Predicate = true> <Delay = 7.30> <CoreInst = "m_axi">   --->   Core 121 'm_axi' <Latency = 0> <II = 1> <Delay = 1.00> <Adapter> <Opcode : 'read' 'write' 'readreq' 'writereq' 'writeresp'>

State 9 <SV = 7> <Delay = 7.30>
ST_9 : Operation 109 [65/68] (7.30ns)   --->   "%gmem1_addr_resp = writeresp i1 @_ssdm_op_WriteResp.m_axi.i64P1A, i64 %gmem1_addr" [dataflow_ex_5.cpp:91]   --->   Operation 109 'writeresp' 'gmem1_addr_resp' <Predicate = true> <Delay = 7.30> <CoreInst = "m_axi">   --->   Core 121 'm_axi' <Latency = 0> <II = 1> <Delay = 1.00> <Adapter> <Opcode : 'read' 'write' 'readreq' 'writereq' 'writeresp'>

State 10 <SV = 8> <Delay = 7.30>
ST_10 : Operation 110 [64/68] (7.30ns)   --->   "%gmem1_addr_resp = writeresp i1 @_ssdm_op_WriteResp.m_axi.i64P1A, i64 %gmem1_addr" [dataflow_ex_5.cpp:91]   --->   Operation 110 'writeresp' 'gmem1_addr_resp' <Predicate = true> <Delay = 7.30> <CoreInst = "m_axi">   --->   Core 121 'm_axi' <Latency = 0> <II = 1> <Delay = 1.00> <Adapter> <Opcode : 'read' 'write' 'readreq' 'writereq' 'writeresp'>

State 11 <SV = 9> <Delay = 7.30>
ST_11 : Operation 111 [63/68] (7.30ns)   --->   "%gmem1_addr_resp = writeresp i1 @_ssdm_op_WriteResp.m_axi.i64P1A, i64 %gmem1_addr" [dataflow_ex_5.cpp:91]   --->   Operation 111 'writeresp' 'gmem1_addr_resp' <Predicate = true> <Delay = 7.30> <CoreInst = "m_axi">   --->   Core 121 'm_axi' <Latency = 0> <II = 1> <Delay = 1.00> <Adapter> <Opcode : 'read' 'write' 'readreq' 'writereq' 'writeresp'>

State 12 <SV = 10> <Delay = 7.30>
ST_12 : Operation 112 [62/68] (7.30ns)   --->   "%gmem1_addr_resp = writeresp i1 @_ssdm_op_WriteResp.m_axi.i64P1A, i64 %gmem1_addr" [dataflow_ex_5.cpp:91]   --->   Operation 112 'writeresp' 'gmem1_addr_resp' <Predicate = true> <Delay = 7.30> <CoreInst = "m_axi">   --->   Core 121 'm_axi' <Latency = 0> <II = 1> <Delay = 1.00> <Adapter> <Opcode : 'read' 'write' 'readreq' 'writereq' 'writeresp'>

State 13 <SV = 11> <Delay = 7.30>
ST_13 : Operation 113 [61/68] (7.30ns)   --->   "%gmem1_addr_resp = writeresp i1 @_ssdm_op_WriteResp.m_axi.i64P1A, i64 %gmem1_addr" [dataflow_ex_5.cpp:91]   --->   Operation 113 'writeresp' 'gmem1_addr_resp' <Predicate = true> <Delay = 7.30> <CoreInst = "m_axi">   --->   Core 121 'm_axi' <Latency = 0> <II = 1> <Delay = 1.00> <Adapter> <Opcode : 'read' 'write' 'readreq' 'writereq' 'writeresp'>

State 14 <SV = 12> <Delay = 7.30>
ST_14 : Operation 114 [60/68] (7.30ns)   --->   "%gmem1_addr_resp = writeresp i1 @_ssdm_op_WriteResp.m_axi.i64P1A, i64 %gmem1_addr" [dataflow_ex_5.cpp:91]   --->   Operation 114 'writeresp' 'gmem1_addr_resp' <Predicate = true> <Delay = 7.30> <CoreInst = "m_axi">   --->   Core 121 'm_axi' <Latency = 0> <II = 1> <Delay = 1.00> <Adapter> <Opcode : 'read' 'write' 'readreq' 'writereq' 'writeresp'>

State 15 <SV = 13> <Delay = 7.30>
ST_15 : Operation 115 [59/68] (7.30ns)   --->   "%gmem1_addr_resp = writeresp i1 @_ssdm_op_WriteResp.m_axi.i64P1A, i64 %gmem1_addr" [dataflow_ex_5.cpp:91]   --->   Operation 115 'writeresp' 'gmem1_addr_resp' <Predicate = true> <Delay = 7.30> <CoreInst = "m_axi">   --->   Core 121 'm_axi' <Latency = 0> <II = 1> <Delay = 1.00> <Adapter> <Opcode : 'read' 'write' 'readreq' 'writereq' 'writeresp'>

State 16 <SV = 14> <Delay = 7.30>
ST_16 : Operation 116 [58/68] (7.30ns)   --->   "%gmem1_addr_resp = writeresp i1 @_ssdm_op_WriteResp.m_axi.i64P1A, i64 %gmem1_addr" [dataflow_ex_5.cpp:91]   --->   Operation 116 'writeresp' 'gmem1_addr_resp' <Predicate = true> <Delay = 7.30> <CoreInst = "m_axi">   --->   Core 121 'm_axi' <Latency = 0> <II = 1> <Delay = 1.00> <Adapter> <Opcode : 'read' 'write' 'readreq' 'writereq' 'writeresp'>

State 17 <SV = 15> <Delay = 7.30>
ST_17 : Operation 117 [57/68] (7.30ns)   --->   "%gmem1_addr_resp = writeresp i1 @_ssdm_op_WriteResp.m_axi.i64P1A, i64 %gmem1_addr" [dataflow_ex_5.cpp:91]   --->   Operation 117 'writeresp' 'gmem1_addr_resp' <Predicate = true> <Delay = 7.30> <CoreInst = "m_axi">   --->   Core 121 'm_axi' <Latency = 0> <II = 1> <Delay = 1.00> <Adapter> <Opcode : 'read' 'write' 'readreq' 'writereq' 'writeresp'>

State 18 <SV = 16> <Delay = 7.30>
ST_18 : Operation 118 [56/68] (7.30ns)   --->   "%gmem1_addr_resp = writeresp i1 @_ssdm_op_WriteResp.m_axi.i64P1A, i64 %gmem1_addr" [dataflow_ex_5.cpp:91]   --->   Operation 118 'writeresp' 'gmem1_addr_resp' <Predicate = true> <Delay = 7.30> <CoreInst = "m_axi">   --->   Core 121 'm_axi' <Latency = 0> <II = 1> <Delay = 1.00> <Adapter> <Opcode : 'read' 'write' 'readreq' 'writereq' 'writeresp'>

State 19 <SV = 17> <Delay = 7.30>
ST_19 : Operation 119 [55/68] (7.30ns)   --->   "%gmem1_addr_resp = writeresp i1 @_ssdm_op_WriteResp.m_axi.i64P1A, i64 %gmem1_addr" [dataflow_ex_5.cpp:91]   --->   Operation 119 'writeresp' 'gmem1_addr_resp' <Predicate = true> <Delay = 7.30> <CoreInst = "m_axi">   --->   Core 121 'm_axi' <Latency = 0> <II = 1> <Delay = 1.00> <Adapter> <Opcode : 'read' 'write' 'readreq' 'writereq' 'writeresp'>

State 20 <SV = 18> <Delay = 7.30>
ST_20 : Operation 120 [54/68] (7.30ns)   --->   "%gmem1_addr_resp = writeresp i1 @_ssdm_op_WriteResp.m_axi.i64P1A, i64 %gmem1_addr" [dataflow_ex_5.cpp:91]   --->   Operation 120 'writeresp' 'gmem1_addr_resp' <Predicate = true> <Delay = 7.30> <CoreInst = "m_axi">   --->   Core 121 'm_axi' <Latency = 0> <II = 1> <Delay = 1.00> <Adapter> <Opcode : 'read' 'write' 'readreq' 'writereq' 'writeresp'>

State 21 <SV = 19> <Delay = 7.30>
ST_21 : Operation 121 [53/68] (7.30ns)   --->   "%gmem1_addr_resp = writeresp i1 @_ssdm_op_WriteResp.m_axi.i64P1A, i64 %gmem1_addr" [dataflow_ex_5.cpp:91]   --->   Operation 121 'writeresp' 'gmem1_addr_resp' <Predicate = true> <Delay = 7.30> <CoreInst = "m_axi">   --->   Core 121 'm_axi' <Latency = 0> <II = 1> <Delay = 1.00> <Adapter> <Opcode : 'read' 'write' 'readreq' 'writereq' 'writeresp'>

State 22 <SV = 20> <Delay = 7.30>
ST_22 : Operation 122 [52/68] (7.30ns)   --->   "%gmem1_addr_resp = writeresp i1 @_ssdm_op_WriteResp.m_axi.i64P1A, i64 %gmem1_addr" [dataflow_ex_5.cpp:91]   --->   Operation 122 'writeresp' 'gmem1_addr_resp' <Predicate = true> <Delay = 7.30> <CoreInst = "m_axi">   --->   Core 121 'm_axi' <Latency = 0> <II = 1> <Delay = 1.00> <Adapter> <Opcode : 'read' 'write' 'readreq' 'writereq' 'writeresp'>

State 23 <SV = 21> <Delay = 7.30>
ST_23 : Operation 123 [51/68] (7.30ns)   --->   "%gmem1_addr_resp = writeresp i1 @_ssdm_op_WriteResp.m_axi.i64P1A, i64 %gmem1_addr" [dataflow_ex_5.cpp:91]   --->   Operation 123 'writeresp' 'gmem1_addr_resp' <Predicate = true> <Delay = 7.30> <CoreInst = "m_axi">   --->   Core 121 'm_axi' <Latency = 0> <II = 1> <Delay = 1.00> <Adapter> <Opcode : 'read' 'write' 'readreq' 'writereq' 'writeresp'>

State 24 <SV = 22> <Delay = 7.30>
ST_24 : Operation 124 [50/68] (7.30ns)   --->   "%gmem1_addr_resp = writeresp i1 @_ssdm_op_WriteResp.m_axi.i64P1A, i64 %gmem1_addr" [dataflow_ex_5.cpp:91]   --->   Operation 124 'writeresp' 'gmem1_addr_resp' <Predicate = true> <Delay = 7.30> <CoreInst = "m_axi">   --->   Core 121 'm_axi' <Latency = 0> <II = 1> <Delay = 1.00> <Adapter> <Opcode : 'read' 'write' 'readreq' 'writereq' 'writeresp'>

State 25 <SV = 23> <Delay = 7.30>
ST_25 : Operation 125 [49/68] (7.30ns)   --->   "%gmem1_addr_resp = writeresp i1 @_ssdm_op_WriteResp.m_axi.i64P1A, i64 %gmem1_addr" [dataflow_ex_5.cpp:91]   --->   Operation 125 'writeresp' 'gmem1_addr_resp' <Predicate = true> <Delay = 7.30> <CoreInst = "m_axi">   --->   Core 121 'm_axi' <Latency = 0> <II = 1> <Delay = 1.00> <Adapter> <Opcode : 'read' 'write' 'readreq' 'writereq' 'writeresp'>

State 26 <SV = 24> <Delay = 7.30>
ST_26 : Operation 126 [48/68] (7.30ns)   --->   "%gmem1_addr_resp = writeresp i1 @_ssdm_op_WriteResp.m_axi.i64P1A, i64 %gmem1_addr" [dataflow_ex_5.cpp:91]   --->   Operation 126 'writeresp' 'gmem1_addr_resp' <Predicate = true> <Delay = 7.30> <CoreInst = "m_axi">   --->   Core 121 'm_axi' <Latency = 0> <II = 1> <Delay = 1.00> <Adapter> <Opcode : 'read' 'write' 'readreq' 'writereq' 'writeresp'>

State 27 <SV = 25> <Delay = 7.30>
ST_27 : Operation 127 [47/68] (7.30ns)   --->   "%gmem1_addr_resp = writeresp i1 @_ssdm_op_WriteResp.m_axi.i64P1A, i64 %gmem1_addr" [dataflow_ex_5.cpp:91]   --->   Operation 127 'writeresp' 'gmem1_addr_resp' <Predicate = true> <Delay = 7.30> <CoreInst = "m_axi">   --->   Core 121 'm_axi' <Latency = 0> <II = 1> <Delay = 1.00> <Adapter> <Opcode : 'read' 'write' 'readreq' 'writereq' 'writeresp'>

State 28 <SV = 26> <Delay = 7.30>
ST_28 : Operation 128 [46/68] (7.30ns)   --->   "%gmem1_addr_resp = writeresp i1 @_ssdm_op_WriteResp.m_axi.i64P1A, i64 %gmem1_addr" [dataflow_ex_5.cpp:91]   --->   Operation 128 'writeresp' 'gmem1_addr_resp' <Predicate = true> <Delay = 7.30> <CoreInst = "m_axi">   --->   Core 121 'm_axi' <Latency = 0> <II = 1> <Delay = 1.00> <Adapter> <Opcode : 'read' 'write' 'readreq' 'writereq' 'writeresp'>

State 29 <SV = 27> <Delay = 7.30>
ST_29 : Operation 129 [45/68] (7.30ns)   --->   "%gmem1_addr_resp = writeresp i1 @_ssdm_op_WriteResp.m_axi.i64P1A, i64 %gmem1_addr" [dataflow_ex_5.cpp:91]   --->   Operation 129 'writeresp' 'gmem1_addr_resp' <Predicate = true> <Delay = 7.30> <CoreInst = "m_axi">   --->   Core 121 'm_axi' <Latency = 0> <II = 1> <Delay = 1.00> <Adapter> <Opcode : 'read' 'write' 'readreq' 'writereq' 'writeresp'>

State 30 <SV = 28> <Delay = 7.30>
ST_30 : Operation 130 [44/68] (7.30ns)   --->   "%gmem1_addr_resp = writeresp i1 @_ssdm_op_WriteResp.m_axi.i64P1A, i64 %gmem1_addr" [dataflow_ex_5.cpp:91]   --->   Operation 130 'writeresp' 'gmem1_addr_resp' <Predicate = true> <Delay = 7.30> <CoreInst = "m_axi">   --->   Core 121 'm_axi' <Latency = 0> <II = 1> <Delay = 1.00> <Adapter> <Opcode : 'read' 'write' 'readreq' 'writereq' 'writeresp'>

State 31 <SV = 29> <Delay = 7.30>
ST_31 : Operation 131 [43/68] (7.30ns)   --->   "%gmem1_addr_resp = writeresp i1 @_ssdm_op_WriteResp.m_axi.i64P1A, i64 %gmem1_addr" [dataflow_ex_5.cpp:91]   --->   Operation 131 'writeresp' 'gmem1_addr_resp' <Predicate = true> <Delay = 7.30> <CoreInst = "m_axi">   --->   Core 121 'm_axi' <Latency = 0> <II = 1> <Delay = 1.00> <Adapter> <Opcode : 'read' 'write' 'readreq' 'writereq' 'writeresp'>

State 32 <SV = 30> <Delay = 7.30>
ST_32 : Operation 132 [42/68] (7.30ns)   --->   "%gmem1_addr_resp = writeresp i1 @_ssdm_op_WriteResp.m_axi.i64P1A, i64 %gmem1_addr" [dataflow_ex_5.cpp:91]   --->   Operation 132 'writeresp' 'gmem1_addr_resp' <Predicate = true> <Delay = 7.30> <CoreInst = "m_axi">   --->   Core 121 'm_axi' <Latency = 0> <II = 1> <Delay = 1.00> <Adapter> <Opcode : 'read' 'write' 'readreq' 'writereq' 'writeresp'>

State 33 <SV = 31> <Delay = 7.30>
ST_33 : Operation 133 [41/68] (7.30ns)   --->   "%gmem1_addr_resp = writeresp i1 @_ssdm_op_WriteResp.m_axi.i64P1A, i64 %gmem1_addr" [dataflow_ex_5.cpp:91]   --->   Operation 133 'writeresp' 'gmem1_addr_resp' <Predicate = true> <Delay = 7.30> <CoreInst = "m_axi">   --->   Core 121 'm_axi' <Latency = 0> <II = 1> <Delay = 1.00> <Adapter> <Opcode : 'read' 'write' 'readreq' 'writereq' 'writeresp'>

State 34 <SV = 32> <Delay = 7.30>
ST_34 : Operation 134 [40/68] (7.30ns)   --->   "%gmem1_addr_resp = writeresp i1 @_ssdm_op_WriteResp.m_axi.i64P1A, i64 %gmem1_addr" [dataflow_ex_5.cpp:91]   --->   Operation 134 'writeresp' 'gmem1_addr_resp' <Predicate = true> <Delay = 7.30> <CoreInst = "m_axi">   --->   Core 121 'm_axi' <Latency = 0> <II = 1> <Delay = 1.00> <Adapter> <Opcode : 'read' 'write' 'readreq' 'writereq' 'writeresp'>

State 35 <SV = 33> <Delay = 7.30>
ST_35 : Operation 135 [39/68] (7.30ns)   --->   "%gmem1_addr_resp = writeresp i1 @_ssdm_op_WriteResp.m_axi.i64P1A, i64 %gmem1_addr" [dataflow_ex_5.cpp:91]   --->   Operation 135 'writeresp' 'gmem1_addr_resp' <Predicate = true> <Delay = 7.30> <CoreInst = "m_axi">   --->   Core 121 'm_axi' <Latency = 0> <II = 1> <Delay = 1.00> <Adapter> <Opcode : 'read' 'write' 'readreq' 'writereq' 'writeresp'>

State 36 <SV = 34> <Delay = 7.30>
ST_36 : Operation 136 [38/68] (7.30ns)   --->   "%gmem1_addr_resp = writeresp i1 @_ssdm_op_WriteResp.m_axi.i64P1A, i64 %gmem1_addr" [dataflow_ex_5.cpp:91]   --->   Operation 136 'writeresp' 'gmem1_addr_resp' <Predicate = true> <Delay = 7.30> <CoreInst = "m_axi">   --->   Core 121 'm_axi' <Latency = 0> <II = 1> <Delay = 1.00> <Adapter> <Opcode : 'read' 'write' 'readreq' 'writereq' 'writeresp'>

State 37 <SV = 35> <Delay = 7.30>
ST_37 : Operation 137 [37/68] (7.30ns)   --->   "%gmem1_addr_resp = writeresp i1 @_ssdm_op_WriteResp.m_axi.i64P1A, i64 %gmem1_addr" [dataflow_ex_5.cpp:91]   --->   Operation 137 'writeresp' 'gmem1_addr_resp' <Predicate = true> <Delay = 7.30> <CoreInst = "m_axi">   --->   Core 121 'm_axi' <Latency = 0> <II = 1> <Delay = 1.00> <Adapter> <Opcode : 'read' 'write' 'readreq' 'writereq' 'writeresp'>

State 38 <SV = 36> <Delay = 7.30>
ST_38 : Operation 138 [36/68] (7.30ns)   --->   "%gmem1_addr_resp = writeresp i1 @_ssdm_op_WriteResp.m_axi.i64P1A, i64 %gmem1_addr" [dataflow_ex_5.cpp:91]   --->   Operation 138 'writeresp' 'gmem1_addr_resp' <Predicate = true> <Delay = 7.30> <CoreInst = "m_axi">   --->   Core 121 'm_axi' <Latency = 0> <II = 1> <Delay = 1.00> <Adapter> <Opcode : 'read' 'write' 'readreq' 'writereq' 'writeresp'>

State 39 <SV = 37> <Delay = 7.30>
ST_39 : Operation 139 [35/68] (7.30ns)   --->   "%gmem1_addr_resp = writeresp i1 @_ssdm_op_WriteResp.m_axi.i64P1A, i64 %gmem1_addr" [dataflow_ex_5.cpp:91]   --->   Operation 139 'writeresp' 'gmem1_addr_resp' <Predicate = true> <Delay = 7.30> <CoreInst = "m_axi">   --->   Core 121 'm_axi' <Latency = 0> <II = 1> <Delay = 1.00> <Adapter> <Opcode : 'read' 'write' 'readreq' 'writereq' 'writeresp'>

State 40 <SV = 38> <Delay = 7.30>
ST_40 : Operation 140 [34/68] (7.30ns)   --->   "%gmem1_addr_resp = writeresp i1 @_ssdm_op_WriteResp.m_axi.i64P1A, i64 %gmem1_addr" [dataflow_ex_5.cpp:91]   --->   Operation 140 'writeresp' 'gmem1_addr_resp' <Predicate = true> <Delay = 7.30> <CoreInst = "m_axi">   --->   Core 121 'm_axi' <Latency = 0> <II = 1> <Delay = 1.00> <Adapter> <Opcode : 'read' 'write' 'readreq' 'writereq' 'writeresp'>

State 41 <SV = 39> <Delay = 7.30>
ST_41 : Operation 141 [33/68] (7.30ns)   --->   "%gmem1_addr_resp = writeresp i1 @_ssdm_op_WriteResp.m_axi.i64P1A, i64 %gmem1_addr" [dataflow_ex_5.cpp:91]   --->   Operation 141 'writeresp' 'gmem1_addr_resp' <Predicate = true> <Delay = 7.30> <CoreInst = "m_axi">   --->   Core 121 'm_axi' <Latency = 0> <II = 1> <Delay = 1.00> <Adapter> <Opcode : 'read' 'write' 'readreq' 'writereq' 'writeresp'>

State 42 <SV = 40> <Delay = 7.30>
ST_42 : Operation 142 [32/68] (7.30ns)   --->   "%gmem1_addr_resp = writeresp i1 @_ssdm_op_WriteResp.m_axi.i64P1A, i64 %gmem1_addr" [dataflow_ex_5.cpp:91]   --->   Operation 142 'writeresp' 'gmem1_addr_resp' <Predicate = true> <Delay = 7.30> <CoreInst = "m_axi">   --->   Core 121 'm_axi' <Latency = 0> <II = 1> <Delay = 1.00> <Adapter> <Opcode : 'read' 'write' 'readreq' 'writereq' 'writeresp'>

State 43 <SV = 41> <Delay = 7.30>
ST_43 : Operation 143 [31/68] (7.30ns)   --->   "%gmem1_addr_resp = writeresp i1 @_ssdm_op_WriteResp.m_axi.i64P1A, i64 %gmem1_addr" [dataflow_ex_5.cpp:91]   --->   Operation 143 'writeresp' 'gmem1_addr_resp' <Predicate = true> <Delay = 7.30> <CoreInst = "m_axi">   --->   Core 121 'm_axi' <Latency = 0> <II = 1> <Delay = 1.00> <Adapter> <Opcode : 'read' 'write' 'readreq' 'writereq' 'writeresp'>

State 44 <SV = 42> <Delay = 7.30>
ST_44 : Operation 144 [30/68] (7.30ns)   --->   "%gmem1_addr_resp = writeresp i1 @_ssdm_op_WriteResp.m_axi.i64P1A, i64 %gmem1_addr" [dataflow_ex_5.cpp:91]   --->   Operation 144 'writeresp' 'gmem1_addr_resp' <Predicate = true> <Delay = 7.30> <CoreInst = "m_axi">   --->   Core 121 'm_axi' <Latency = 0> <II = 1> <Delay = 1.00> <Adapter> <Opcode : 'read' 'write' 'readreq' 'writereq' 'writeresp'>

State 45 <SV = 43> <Delay = 7.30>
ST_45 : Operation 145 [29/68] (7.30ns)   --->   "%gmem1_addr_resp = writeresp i1 @_ssdm_op_WriteResp.m_axi.i64P1A, i64 %gmem1_addr" [dataflow_ex_5.cpp:91]   --->   Operation 145 'writeresp' 'gmem1_addr_resp' <Predicate = true> <Delay = 7.30> <CoreInst = "m_axi">   --->   Core 121 'm_axi' <Latency = 0> <II = 1> <Delay = 1.00> <Adapter> <Opcode : 'read' 'write' 'readreq' 'writereq' 'writeresp'>

State 46 <SV = 44> <Delay = 7.30>
ST_46 : Operation 146 [28/68] (7.30ns)   --->   "%gmem1_addr_resp = writeresp i1 @_ssdm_op_WriteResp.m_axi.i64P1A, i64 %gmem1_addr" [dataflow_ex_5.cpp:91]   --->   Operation 146 'writeresp' 'gmem1_addr_resp' <Predicate = true> <Delay = 7.30> <CoreInst = "m_axi">   --->   Core 121 'm_axi' <Latency = 0> <II = 1> <Delay = 1.00> <Adapter> <Opcode : 'read' 'write' 'readreq' 'writereq' 'writeresp'>

State 47 <SV = 45> <Delay = 7.30>
ST_47 : Operation 147 [27/68] (7.30ns)   --->   "%gmem1_addr_resp = writeresp i1 @_ssdm_op_WriteResp.m_axi.i64P1A, i64 %gmem1_addr" [dataflow_ex_5.cpp:91]   --->   Operation 147 'writeresp' 'gmem1_addr_resp' <Predicate = true> <Delay = 7.30> <CoreInst = "m_axi">   --->   Core 121 'm_axi' <Latency = 0> <II = 1> <Delay = 1.00> <Adapter> <Opcode : 'read' 'write' 'readreq' 'writereq' 'writeresp'>

State 48 <SV = 46> <Delay = 7.30>
ST_48 : Operation 148 [26/68] (7.30ns)   --->   "%gmem1_addr_resp = writeresp i1 @_ssdm_op_WriteResp.m_axi.i64P1A, i64 %gmem1_addr" [dataflow_ex_5.cpp:91]   --->   Operation 148 'writeresp' 'gmem1_addr_resp' <Predicate = true> <Delay = 7.30> <CoreInst = "m_axi">   --->   Core 121 'm_axi' <Latency = 0> <II = 1> <Delay = 1.00> <Adapter> <Opcode : 'read' 'write' 'readreq' 'writereq' 'writeresp'>

State 49 <SV = 47> <Delay = 7.30>
ST_49 : Operation 149 [25/68] (7.30ns)   --->   "%gmem1_addr_resp = writeresp i1 @_ssdm_op_WriteResp.m_axi.i64P1A, i64 %gmem1_addr" [dataflow_ex_5.cpp:91]   --->   Operation 149 'writeresp' 'gmem1_addr_resp' <Predicate = true> <Delay = 7.30> <CoreInst = "m_axi">   --->   Core 121 'm_axi' <Latency = 0> <II = 1> <Delay = 1.00> <Adapter> <Opcode : 'read' 'write' 'readreq' 'writereq' 'writeresp'>

State 50 <SV = 48> <Delay = 7.30>
ST_50 : Operation 150 [24/68] (7.30ns)   --->   "%gmem1_addr_resp = writeresp i1 @_ssdm_op_WriteResp.m_axi.i64P1A, i64 %gmem1_addr" [dataflow_ex_5.cpp:91]   --->   Operation 150 'writeresp' 'gmem1_addr_resp' <Predicate = true> <Delay = 7.30> <CoreInst = "m_axi">   --->   Core 121 'm_axi' <Latency = 0> <II = 1> <Delay = 1.00> <Adapter> <Opcode : 'read' 'write' 'readreq' 'writereq' 'writeresp'>

State 51 <SV = 49> <Delay = 7.30>
ST_51 : Operation 151 [23/68] (7.30ns)   --->   "%gmem1_addr_resp = writeresp i1 @_ssdm_op_WriteResp.m_axi.i64P1A, i64 %gmem1_addr" [dataflow_ex_5.cpp:91]   --->   Operation 151 'writeresp' 'gmem1_addr_resp' <Predicate = true> <Delay = 7.30> <CoreInst = "m_axi">   --->   Core 121 'm_axi' <Latency = 0> <II = 1> <Delay = 1.00> <Adapter> <Opcode : 'read' 'write' 'readreq' 'writereq' 'writeresp'>

State 52 <SV = 50> <Delay = 7.30>
ST_52 : Operation 152 [22/68] (7.30ns)   --->   "%gmem1_addr_resp = writeresp i1 @_ssdm_op_WriteResp.m_axi.i64P1A, i64 %gmem1_addr" [dataflow_ex_5.cpp:91]   --->   Operation 152 'writeresp' 'gmem1_addr_resp' <Predicate = true> <Delay = 7.30> <CoreInst = "m_axi">   --->   Core 121 'm_axi' <Latency = 0> <II = 1> <Delay = 1.00> <Adapter> <Opcode : 'read' 'write' 'readreq' 'writereq' 'writeresp'>

State 53 <SV = 51> <Delay = 7.30>
ST_53 : Operation 153 [21/68] (7.30ns)   --->   "%gmem1_addr_resp = writeresp i1 @_ssdm_op_WriteResp.m_axi.i64P1A, i64 %gmem1_addr" [dataflow_ex_5.cpp:91]   --->   Operation 153 'writeresp' 'gmem1_addr_resp' <Predicate = true> <Delay = 7.30> <CoreInst = "m_axi">   --->   Core 121 'm_axi' <Latency = 0> <II = 1> <Delay = 1.00> <Adapter> <Opcode : 'read' 'write' 'readreq' 'writereq' 'writeresp'>

State 54 <SV = 52> <Delay = 7.30>
ST_54 : Operation 154 [20/68] (7.30ns)   --->   "%gmem1_addr_resp = writeresp i1 @_ssdm_op_WriteResp.m_axi.i64P1A, i64 %gmem1_addr" [dataflow_ex_5.cpp:91]   --->   Operation 154 'writeresp' 'gmem1_addr_resp' <Predicate = true> <Delay = 7.30> <CoreInst = "m_axi">   --->   Core 121 'm_axi' <Latency = 0> <II = 1> <Delay = 1.00> <Adapter> <Opcode : 'read' 'write' 'readreq' 'writereq' 'writeresp'>

State 55 <SV = 53> <Delay = 7.30>
ST_55 : Operation 155 [19/68] (7.30ns)   --->   "%gmem1_addr_resp = writeresp i1 @_ssdm_op_WriteResp.m_axi.i64P1A, i64 %gmem1_addr" [dataflow_ex_5.cpp:91]   --->   Operation 155 'writeresp' 'gmem1_addr_resp' <Predicate = true> <Delay = 7.30> <CoreInst = "m_axi">   --->   Core 121 'm_axi' <Latency = 0> <II = 1> <Delay = 1.00> <Adapter> <Opcode : 'read' 'write' 'readreq' 'writereq' 'writeresp'>

State 56 <SV = 54> <Delay = 7.30>
ST_56 : Operation 156 [18/68] (7.30ns)   --->   "%gmem1_addr_resp = writeresp i1 @_ssdm_op_WriteResp.m_axi.i64P1A, i64 %gmem1_addr" [dataflow_ex_5.cpp:91]   --->   Operation 156 'writeresp' 'gmem1_addr_resp' <Predicate = true> <Delay = 7.30> <CoreInst = "m_axi">   --->   Core 121 'm_axi' <Latency = 0> <II = 1> <Delay = 1.00> <Adapter> <Opcode : 'read' 'write' 'readreq' 'writereq' 'writeresp'>

State 57 <SV = 55> <Delay = 7.30>
ST_57 : Operation 157 [17/68] (7.30ns)   --->   "%gmem1_addr_resp = writeresp i1 @_ssdm_op_WriteResp.m_axi.i64P1A, i64 %gmem1_addr" [dataflow_ex_5.cpp:91]   --->   Operation 157 'writeresp' 'gmem1_addr_resp' <Predicate = true> <Delay = 7.30> <CoreInst = "m_axi">   --->   Core 121 'm_axi' <Latency = 0> <II = 1> <Delay = 1.00> <Adapter> <Opcode : 'read' 'write' 'readreq' 'writereq' 'writeresp'>

State 58 <SV = 56> <Delay = 7.30>
ST_58 : Operation 158 [16/68] (7.30ns)   --->   "%gmem1_addr_resp = writeresp i1 @_ssdm_op_WriteResp.m_axi.i64P1A, i64 %gmem1_addr" [dataflow_ex_5.cpp:91]   --->   Operation 158 'writeresp' 'gmem1_addr_resp' <Predicate = true> <Delay = 7.30> <CoreInst = "m_axi">   --->   Core 121 'm_axi' <Latency = 0> <II = 1> <Delay = 1.00> <Adapter> <Opcode : 'read' 'write' 'readreq' 'writereq' 'writeresp'>

State 59 <SV = 57> <Delay = 7.30>
ST_59 : Operation 159 [15/68] (7.30ns)   --->   "%gmem1_addr_resp = writeresp i1 @_ssdm_op_WriteResp.m_axi.i64P1A, i64 %gmem1_addr" [dataflow_ex_5.cpp:91]   --->   Operation 159 'writeresp' 'gmem1_addr_resp' <Predicate = true> <Delay = 7.30> <CoreInst = "m_axi">   --->   Core 121 'm_axi' <Latency = 0> <II = 1> <Delay = 1.00> <Adapter> <Opcode : 'read' 'write' 'readreq' 'writereq' 'writeresp'>

State 60 <SV = 58> <Delay = 7.30>
ST_60 : Operation 160 [14/68] (7.30ns)   --->   "%gmem1_addr_resp = writeresp i1 @_ssdm_op_WriteResp.m_axi.i64P1A, i64 %gmem1_addr" [dataflow_ex_5.cpp:91]   --->   Operation 160 'writeresp' 'gmem1_addr_resp' <Predicate = true> <Delay = 7.30> <CoreInst = "m_axi">   --->   Core 121 'm_axi' <Latency = 0> <II = 1> <Delay = 1.00> <Adapter> <Opcode : 'read' 'write' 'readreq' 'writereq' 'writeresp'>

State 61 <SV = 59> <Delay = 7.30>
ST_61 : Operation 161 [13/68] (7.30ns)   --->   "%gmem1_addr_resp = writeresp i1 @_ssdm_op_WriteResp.m_axi.i64P1A, i64 %gmem1_addr" [dataflow_ex_5.cpp:91]   --->   Operation 161 'writeresp' 'gmem1_addr_resp' <Predicate = true> <Delay = 7.30> <CoreInst = "m_axi">   --->   Core 121 'm_axi' <Latency = 0> <II = 1> <Delay = 1.00> <Adapter> <Opcode : 'read' 'write' 'readreq' 'writereq' 'writeresp'>

State 62 <SV = 60> <Delay = 7.30>
ST_62 : Operation 162 [12/68] (7.30ns)   --->   "%gmem1_addr_resp = writeresp i1 @_ssdm_op_WriteResp.m_axi.i64P1A, i64 %gmem1_addr" [dataflow_ex_5.cpp:91]   --->   Operation 162 'writeresp' 'gmem1_addr_resp' <Predicate = true> <Delay = 7.30> <CoreInst = "m_axi">   --->   Core 121 'm_axi' <Latency = 0> <II = 1> <Delay = 1.00> <Adapter> <Opcode : 'read' 'write' 'readreq' 'writereq' 'writeresp'>

State 63 <SV = 61> <Delay = 7.30>
ST_63 : Operation 163 [11/68] (7.30ns)   --->   "%gmem1_addr_resp = writeresp i1 @_ssdm_op_WriteResp.m_axi.i64P1A, i64 %gmem1_addr" [dataflow_ex_5.cpp:91]   --->   Operation 163 'writeresp' 'gmem1_addr_resp' <Predicate = true> <Delay = 7.30> <CoreInst = "m_axi">   --->   Core 121 'm_axi' <Latency = 0> <II = 1> <Delay = 1.00> <Adapter> <Opcode : 'read' 'write' 'readreq' 'writereq' 'writeresp'>

State 64 <SV = 62> <Delay = 7.30>
ST_64 : Operation 164 [10/68] (7.30ns)   --->   "%gmem1_addr_resp = writeresp i1 @_ssdm_op_WriteResp.m_axi.i64P1A, i64 %gmem1_addr" [dataflow_ex_5.cpp:91]   --->   Operation 164 'writeresp' 'gmem1_addr_resp' <Predicate = true> <Delay = 7.30> <CoreInst = "m_axi">   --->   Core 121 'm_axi' <Latency = 0> <II = 1> <Delay = 1.00> <Adapter> <Opcode : 'read' 'write' 'readreq' 'writereq' 'writeresp'>

State 65 <SV = 63> <Delay = 7.30>
ST_65 : Operation 165 [9/68] (7.30ns)   --->   "%gmem1_addr_resp = writeresp i1 @_ssdm_op_WriteResp.m_axi.i64P1A, i64 %gmem1_addr" [dataflow_ex_5.cpp:91]   --->   Operation 165 'writeresp' 'gmem1_addr_resp' <Predicate = true> <Delay = 7.30> <CoreInst = "m_axi">   --->   Core 121 'm_axi' <Latency = 0> <II = 1> <Delay = 1.00> <Adapter> <Opcode : 'read' 'write' 'readreq' 'writereq' 'writeresp'>

State 66 <SV = 64> <Delay = 7.30>
ST_66 : Operation 166 [8/68] (7.30ns)   --->   "%gmem1_addr_resp = writeresp i1 @_ssdm_op_WriteResp.m_axi.i64P1A, i64 %gmem1_addr" [dataflow_ex_5.cpp:91]   --->   Operation 166 'writeresp' 'gmem1_addr_resp' <Predicate = true> <Delay = 7.30> <CoreInst = "m_axi">   --->   Core 121 'm_axi' <Latency = 0> <II = 1> <Delay = 1.00> <Adapter> <Opcode : 'read' 'write' 'readreq' 'writereq' 'writeresp'>

State 67 <SV = 65> <Delay = 7.30>
ST_67 : Operation 167 [7/68] (7.30ns)   --->   "%gmem1_addr_resp = writeresp i1 @_ssdm_op_WriteResp.m_axi.i64P1A, i64 %gmem1_addr" [dataflow_ex_5.cpp:91]   --->   Operation 167 'writeresp' 'gmem1_addr_resp' <Predicate = true> <Delay = 7.30> <CoreInst = "m_axi">   --->   Core 121 'm_axi' <Latency = 0> <II = 1> <Delay = 1.00> <Adapter> <Opcode : 'read' 'write' 'readreq' 'writereq' 'writeresp'>

State 68 <SV = 66> <Delay = 7.30>
ST_68 : Operation 168 [6/68] (7.30ns)   --->   "%gmem1_addr_resp = writeresp i1 @_ssdm_op_WriteResp.m_axi.i64P1A, i64 %gmem1_addr" [dataflow_ex_5.cpp:91]   --->   Operation 168 'writeresp' 'gmem1_addr_resp' <Predicate = true> <Delay = 7.30> <CoreInst = "m_axi">   --->   Core 121 'm_axi' <Latency = 0> <II = 1> <Delay = 1.00> <Adapter> <Opcode : 'read' 'write' 'readreq' 'writereq' 'writeresp'>

State 69 <SV = 67> <Delay = 7.30>
ST_69 : Operation 169 [5/68] (7.30ns)   --->   "%gmem1_addr_resp = writeresp i1 @_ssdm_op_WriteResp.m_axi.i64P1A, i64 %gmem1_addr" [dataflow_ex_5.cpp:91]   --->   Operation 169 'writeresp' 'gmem1_addr_resp' <Predicate = true> <Delay = 7.30> <CoreInst = "m_axi">   --->   Core 121 'm_axi' <Latency = 0> <II = 1> <Delay = 1.00> <Adapter> <Opcode : 'read' 'write' 'readreq' 'writereq' 'writeresp'>

State 70 <SV = 68> <Delay = 7.30>
ST_70 : Operation 170 [4/68] (7.30ns)   --->   "%gmem1_addr_resp = writeresp i1 @_ssdm_op_WriteResp.m_axi.i64P1A, i64 %gmem1_addr" [dataflow_ex_5.cpp:91]   --->   Operation 170 'writeresp' 'gmem1_addr_resp' <Predicate = true> <Delay = 7.30> <CoreInst = "m_axi">   --->   Core 121 'm_axi' <Latency = 0> <II = 1> <Delay = 1.00> <Adapter> <Opcode : 'read' 'write' 'readreq' 'writereq' 'writeresp'>

State 71 <SV = 69> <Delay = 7.30>
ST_71 : Operation 171 [3/68] (7.30ns)   --->   "%gmem1_addr_resp = writeresp i1 @_ssdm_op_WriteResp.m_axi.i64P1A, i64 %gmem1_addr" [dataflow_ex_5.cpp:91]   --->   Operation 171 'writeresp' 'gmem1_addr_resp' <Predicate = true> <Delay = 7.30> <CoreInst = "m_axi">   --->   Core 121 'm_axi' <Latency = 0> <II = 1> <Delay = 1.00> <Adapter> <Opcode : 'read' 'write' 'readreq' 'writereq' 'writeresp'>

State 72 <SV = 70> <Delay = 7.30>
ST_72 : Operation 172 [2/68] (7.30ns)   --->   "%gmem1_addr_resp = writeresp i1 @_ssdm_op_WriteResp.m_axi.i64P1A, i64 %gmem1_addr" [dataflow_ex_5.cpp:91]   --->   Operation 172 'writeresp' 'gmem1_addr_resp' <Predicate = true> <Delay = 7.30> <CoreInst = "m_axi">   --->   Core 121 'm_axi' <Latency = 0> <II = 1> <Delay = 1.00> <Adapter> <Opcode : 'read' 'write' 'readreq' 'writereq' 'writeresp'>

State 73 <SV = 71> <Delay = 7.30>
ST_73 : Operation 173 [1/68] (7.30ns)   --->   "%gmem1_addr_resp = writeresp i1 @_ssdm_op_WriteResp.m_axi.i64P1A, i64 %gmem1_addr" [dataflow_ex_5.cpp:91]   --->   Operation 173 'writeresp' 'gmem1_addr_resp' <Predicate = true> <Delay = 7.30> <CoreInst = "m_axi">   --->   Core 121 'm_axi' <Latency = 0> <II = 1> <Delay = 1.00> <Adapter> <Opcode : 'read' 'write' 'readreq' 'writereq' 'writeresp'>
ST_73 : Operation 174 [1/1] (0.00ns)   --->   "%ret_ln91 = ret" [dataflow_ex_5.cpp:91]   --->   Operation 174 'ret' 'ret_ln91' <Predicate = true> <Delay = 0.00>


============================================================
+ Verbose Summary: Timing violations
============================================================
Target clock period: 10ns, clock uncertainty: 2.7ns.

 <State 1>: 2.17ns
The critical path consists of the following:
	fifo read operation ('output_read') on port 'output_r' [7]  (2.17 ns)

 <State 2>: 1.11ns
The critical path consists of the following:
	'load' operation ('ki', dataflow_ex_5.cpp:89) on local variable 'ki' [14]  (0 ns)
	'add' operation ('add_ln87', dataflow_ex_5.cpp:87) [20]  (0.625 ns)
	'store' operation ('store_ln87', dataflow_ex_5.cpp:87) of variable 'add_ln87', dataflow_ex_5.cpp:87 on local variable 'ki' [28]  (0.489 ns)

 <State 3>: 1.28ns
The critical path consists of the following:
	'load' operation ('output_buf_load', dataflow_ex_5.cpp:89) on array 'output_buf' [25]  (0.79 ns)
	'store' operation ('store_ln87', dataflow_ex_5.cpp:87) of variable 'or_ln', dataflow_ex_5.cpp:89 on local variable 'shiftreg' [29]  (0.489 ns)

 <State 4>: 7.3ns
The critical path consists of the following:
	'getelementptr' operation ('gmem1_addr', dataflow_ex_5.cpp:91) [35]  (0 ns)
	bus request operation ('gmem1_addr_req', dataflow_ex_5.cpp:91) on port 'gmem1' (dataflow_ex_5.cpp:91) [36]  (7.3 ns)

 <State 5>: 7.3ns
The critical path consists of the following:
	'load' operation ('shiftreg_load', dataflow_ex_5.cpp:91) on local variable 'shiftreg' [32]  (0 ns)
	bus write operation ('write_ln91', dataflow_ex_5.cpp:91) on port 'gmem1' (dataflow_ex_5.cpp:91) [37]  (7.3 ns)

 <State 6>: 7.3ns
The critical path consists of the following:
	bus response operation ('gmem1_addr_resp', dataflow_ex_5.cpp:91) on port 'gmem1' (dataflow_ex_5.cpp:91) [38]  (7.3 ns)

 <State 7>: 7.3ns
The critical path consists of the following:
	bus response operation ('gmem1_addr_resp', dataflow_ex_5.cpp:91) on port 'gmem1' (dataflow_ex_5.cpp:91) [38]  (7.3 ns)

 <State 8>: 7.3ns
The critical path consists of the following:
	bus response operation ('gmem1_addr_resp', dataflow_ex_5.cpp:91) on port 'gmem1' (dataflow_ex_5.cpp:91) [38]  (7.3 ns)

 <State 9>: 7.3ns
The critical path consists of the following:
	bus response operation ('gmem1_addr_resp', dataflow_ex_5.cpp:91) on port 'gmem1' (dataflow_ex_5.cpp:91) [38]  (7.3 ns)

 <State 10>: 7.3ns
The critical path consists of the following:
	bus response operation ('gmem1_addr_resp', dataflow_ex_5.cpp:91) on port 'gmem1' (dataflow_ex_5.cpp:91) [38]  (7.3 ns)

 <State 11>: 7.3ns
The critical path consists of the following:
	bus response operation ('gmem1_addr_resp', dataflow_ex_5.cpp:91) on port 'gmem1' (dataflow_ex_5.cpp:91) [38]  (7.3 ns)

 <State 12>: 7.3ns
The critical path consists of the following:
	bus response operation ('gmem1_addr_resp', dataflow_ex_5.cpp:91) on port 'gmem1' (dataflow_ex_5.cpp:91) [38]  (7.3 ns)

 <State 13>: 7.3ns
The critical path consists of the following:
	bus response operation ('gmem1_addr_resp', dataflow_ex_5.cpp:91) on port 'gmem1' (dataflow_ex_5.cpp:91) [38]  (7.3 ns)

 <State 14>: 7.3ns
The critical path consists of the following:
	bus response operation ('gmem1_addr_resp', dataflow_ex_5.cpp:91) on port 'gmem1' (dataflow_ex_5.cpp:91) [38]  (7.3 ns)

 <State 15>: 7.3ns
The critical path consists of the following:
	bus response operation ('gmem1_addr_resp', dataflow_ex_5.cpp:91) on port 'gmem1' (dataflow_ex_5.cpp:91) [38]  (7.3 ns)

 <State 16>: 7.3ns
The critical path consists of the following:
	bus response operation ('gmem1_addr_resp', dataflow_ex_5.cpp:91) on port 'gmem1' (dataflow_ex_5.cpp:91) [38]  (7.3 ns)

 <State 17>: 7.3ns
The critical path consists of the following:
	bus response operation ('gmem1_addr_resp', dataflow_ex_5.cpp:91) on port 'gmem1' (dataflow_ex_5.cpp:91) [38]  (7.3 ns)

 <State 18>: 7.3ns
The critical path consists of the following:
	bus response operation ('gmem1_addr_resp', dataflow_ex_5.cpp:91) on port 'gmem1' (dataflow_ex_5.cpp:91) [38]  (7.3 ns)

 <State 19>: 7.3ns
The critical path consists of the following:
	bus response operation ('gmem1_addr_resp', dataflow_ex_5.cpp:91) on port 'gmem1' (dataflow_ex_5.cpp:91) [38]  (7.3 ns)

 <State 20>: 7.3ns
The critical path consists of the following:
	bus response operation ('gmem1_addr_resp', dataflow_ex_5.cpp:91) on port 'gmem1' (dataflow_ex_5.cpp:91) [38]  (7.3 ns)

 <State 21>: 7.3ns
The critical path consists of the following:
	bus response operation ('gmem1_addr_resp', dataflow_ex_5.cpp:91) on port 'gmem1' (dataflow_ex_5.cpp:91) [38]  (7.3 ns)

 <State 22>: 7.3ns
The critical path consists of the following:
	bus response operation ('gmem1_addr_resp', dataflow_ex_5.cpp:91) on port 'gmem1' (dataflow_ex_5.cpp:91) [38]  (7.3 ns)

 <State 23>: 7.3ns
The critical path consists of the following:
	bus response operation ('gmem1_addr_resp', dataflow_ex_5.cpp:91) on port 'gmem1' (dataflow_ex_5.cpp:91) [38]  (7.3 ns)

 <State 24>: 7.3ns
The critical path consists of the following:
	bus response operation ('gmem1_addr_resp', dataflow_ex_5.cpp:91) on port 'gmem1' (dataflow_ex_5.cpp:91) [38]  (7.3 ns)

 <State 25>: 7.3ns
The critical path consists of the following:
	bus response operation ('gmem1_addr_resp', dataflow_ex_5.cpp:91) on port 'gmem1' (dataflow_ex_5.cpp:91) [38]  (7.3 ns)

 <State 26>: 7.3ns
The critical path consists of the following:
	bus response operation ('gmem1_addr_resp', dataflow_ex_5.cpp:91) on port 'gmem1' (dataflow_ex_5.cpp:91) [38]  (7.3 ns)

 <State 27>: 7.3ns
The critical path consists of the following:
	bus response operation ('gmem1_addr_resp', dataflow_ex_5.cpp:91) on port 'gmem1' (dataflow_ex_5.cpp:91) [38]  (7.3 ns)

 <State 28>: 7.3ns
The critical path consists of the following:
	bus response operation ('gmem1_addr_resp', dataflow_ex_5.cpp:91) on port 'gmem1' (dataflow_ex_5.cpp:91) [38]  (7.3 ns)

 <State 29>: 7.3ns
The critical path consists of the following:
	bus response operation ('gmem1_addr_resp', dataflow_ex_5.cpp:91) on port 'gmem1' (dataflow_ex_5.cpp:91) [38]  (7.3 ns)

 <State 30>: 7.3ns
The critical path consists of the following:
	bus response operation ('gmem1_addr_resp', dataflow_ex_5.cpp:91) on port 'gmem1' (dataflow_ex_5.cpp:91) [38]  (7.3 ns)

 <State 31>: 7.3ns
The critical path consists of the following:
	bus response operation ('gmem1_addr_resp', dataflow_ex_5.cpp:91) on port 'gmem1' (dataflow_ex_5.cpp:91) [38]  (7.3 ns)

 <State 32>: 7.3ns
The critical path consists of the following:
	bus response operation ('gmem1_addr_resp', dataflow_ex_5.cpp:91) on port 'gmem1' (dataflow_ex_5.cpp:91) [38]  (7.3 ns)

 <State 33>: 7.3ns
The critical path consists of the following:
	bus response operation ('gmem1_addr_resp', dataflow_ex_5.cpp:91) on port 'gmem1' (dataflow_ex_5.cpp:91) [38]  (7.3 ns)

 <State 34>: 7.3ns
The critical path consists of the following:
	bus response operation ('gmem1_addr_resp', dataflow_ex_5.cpp:91) on port 'gmem1' (dataflow_ex_5.cpp:91) [38]  (7.3 ns)

 <State 35>: 7.3ns
The critical path consists of the following:
	bus response operation ('gmem1_addr_resp', dataflow_ex_5.cpp:91) on port 'gmem1' (dataflow_ex_5.cpp:91) [38]  (7.3 ns)

 <State 36>: 7.3ns
The critical path consists of the following:
	bus response operation ('gmem1_addr_resp', dataflow_ex_5.cpp:91) on port 'gmem1' (dataflow_ex_5.cpp:91) [38]  (7.3 ns)

 <State 37>: 7.3ns
The critical path consists of the following:
	bus response operation ('gmem1_addr_resp', dataflow_ex_5.cpp:91) on port 'gmem1' (dataflow_ex_5.cpp:91) [38]  (7.3 ns)

 <State 38>: 7.3ns
The critical path consists of the following:
	bus response operation ('gmem1_addr_resp', dataflow_ex_5.cpp:91) on port 'gmem1' (dataflow_ex_5.cpp:91) [38]  (7.3 ns)

 <State 39>: 7.3ns
The critical path consists of the following:
	bus response operation ('gmem1_addr_resp', dataflow_ex_5.cpp:91) on port 'gmem1' (dataflow_ex_5.cpp:91) [38]  (7.3 ns)

 <State 40>: 7.3ns
The critical path consists of the following:
	bus response operation ('gmem1_addr_resp', dataflow_ex_5.cpp:91) on port 'gmem1' (dataflow_ex_5.cpp:91) [38]  (7.3 ns)

 <State 41>: 7.3ns
The critical path consists of the following:
	bus response operation ('gmem1_addr_resp', dataflow_ex_5.cpp:91) on port 'gmem1' (dataflow_ex_5.cpp:91) [38]  (7.3 ns)

 <State 42>: 7.3ns
The critical path consists of the following:
	bus response operation ('gmem1_addr_resp', dataflow_ex_5.cpp:91) on port 'gmem1' (dataflow_ex_5.cpp:91) [38]  (7.3 ns)

 <State 43>: 7.3ns
The critical path consists of the following:
	bus response operation ('gmem1_addr_resp', dataflow_ex_5.cpp:91) on port 'gmem1' (dataflow_ex_5.cpp:91) [38]  (7.3 ns)

 <State 44>: 7.3ns
The critical path consists of the following:
	bus response operation ('gmem1_addr_resp', dataflow_ex_5.cpp:91) on port 'gmem1' (dataflow_ex_5.cpp:91) [38]  (7.3 ns)

 <State 45>: 7.3ns
The critical path consists of the following:
	bus response operation ('gmem1_addr_resp', dataflow_ex_5.cpp:91) on port 'gmem1' (dataflow_ex_5.cpp:91) [38]  (7.3 ns)

 <State 46>: 7.3ns
The critical path consists of the following:
	bus response operation ('gmem1_addr_resp', dataflow_ex_5.cpp:91) on port 'gmem1' (dataflow_ex_5.cpp:91) [38]  (7.3 ns)

 <State 47>: 7.3ns
The critical path consists of the following:
	bus response operation ('gmem1_addr_resp', dataflow_ex_5.cpp:91) on port 'gmem1' (dataflow_ex_5.cpp:91) [38]  (7.3 ns)

 <State 48>: 7.3ns
The critical path consists of the following:
	bus response operation ('gmem1_addr_resp', dataflow_ex_5.cpp:91) on port 'gmem1' (dataflow_ex_5.cpp:91) [38]  (7.3 ns)

 <State 49>: 7.3ns
The critical path consists of the following:
	bus response operation ('gmem1_addr_resp', dataflow_ex_5.cpp:91) on port 'gmem1' (dataflow_ex_5.cpp:91) [38]  (7.3 ns)

 <State 50>: 7.3ns
The critical path consists of the following:
	bus response operation ('gmem1_addr_resp', dataflow_ex_5.cpp:91) on port 'gmem1' (dataflow_ex_5.cpp:91) [38]  (7.3 ns)

 <State 51>: 7.3ns
The critical path consists of the following:
	bus response operation ('gmem1_addr_resp', dataflow_ex_5.cpp:91) on port 'gmem1' (dataflow_ex_5.cpp:91) [38]  (7.3 ns)

 <State 52>: 7.3ns
The critical path consists of the following:
	bus response operation ('gmem1_addr_resp', dataflow_ex_5.cpp:91) on port 'gmem1' (dataflow_ex_5.cpp:91) [38]  (7.3 ns)

 <State 53>: 7.3ns
The critical path consists of the following:
	bus response operation ('gmem1_addr_resp', dataflow_ex_5.cpp:91) on port 'gmem1' (dataflow_ex_5.cpp:91) [38]  (7.3 ns)

 <State 54>: 7.3ns
The critical path consists of the following:
	bus response operation ('gmem1_addr_resp', dataflow_ex_5.cpp:91) on port 'gmem1' (dataflow_ex_5.cpp:91) [38]  (7.3 ns)

 <State 55>: 7.3ns
The critical path consists of the following:
	bus response operation ('gmem1_addr_resp', dataflow_ex_5.cpp:91) on port 'gmem1' (dataflow_ex_5.cpp:91) [38]  (7.3 ns)

 <State 56>: 7.3ns
The critical path consists of the following:
	bus response operation ('gmem1_addr_resp', dataflow_ex_5.cpp:91) on port 'gmem1' (dataflow_ex_5.cpp:91) [38]  (7.3 ns)

 <State 57>: 7.3ns
The critical path consists of the following:
	bus response operation ('gmem1_addr_resp', dataflow_ex_5.cpp:91) on port 'gmem1' (dataflow_ex_5.cpp:91) [38]  (7.3 ns)

 <State 58>: 7.3ns
The critical path consists of the following:
	bus response operation ('gmem1_addr_resp', dataflow_ex_5.cpp:91) on port 'gmem1' (dataflow_ex_5.cpp:91) [38]  (7.3 ns)

 <State 59>: 7.3ns
The critical path consists of the following:
	bus response operation ('gmem1_addr_resp', dataflow_ex_5.cpp:91) on port 'gmem1' (dataflow_ex_5.cpp:91) [38]  (7.3 ns)

 <State 60>: 7.3ns
The critical path consists of the following:
	bus response operation ('gmem1_addr_resp', dataflow_ex_5.cpp:91) on port 'gmem1' (dataflow_ex_5.cpp:91) [38]  (7.3 ns)

 <State 61>: 7.3ns
The critical path consists of the following:
	bus response operation ('gmem1_addr_resp', dataflow_ex_5.cpp:91) on port 'gmem1' (dataflow_ex_5.cpp:91) [38]  (7.3 ns)

 <State 62>: 7.3ns
The critical path consists of the following:
	bus response operation ('gmem1_addr_resp', dataflow_ex_5.cpp:91) on port 'gmem1' (dataflow_ex_5.cpp:91) [38]  (7.3 ns)

 <State 63>: 7.3ns
The critical path consists of the following:
	bus response operation ('gmem1_addr_resp', dataflow_ex_5.cpp:91) on port 'gmem1' (dataflow_ex_5.cpp:91) [38]  (7.3 ns)

 <State 64>: 7.3ns
The critical path consists of the following:
	bus response operation ('gmem1_addr_resp', dataflow_ex_5.cpp:91) on port 'gmem1' (dataflow_ex_5.cpp:91) [38]  (7.3 ns)

 <State 65>: 7.3ns
The critical path consists of the following:
	bus response operation ('gmem1_addr_resp', dataflow_ex_5.cpp:91) on port 'gmem1' (dataflow_ex_5.cpp:91) [38]  (7.3 ns)

 <State 66>: 7.3ns
The critical path consists of the following:
	bus response operation ('gmem1_addr_resp', dataflow_ex_5.cpp:91) on port 'gmem1' (dataflow_ex_5.cpp:91) [38]  (7.3 ns)

 <State 67>: 7.3ns
The critical path consists of the following:
	bus response operation ('gmem1_addr_resp', dataflow_ex_5.cpp:91) on port 'gmem1' (dataflow_ex_5.cpp:91) [38]  (7.3 ns)

 <State 68>: 7.3ns
The critical path consists of the following:
	bus response operation ('gmem1_addr_resp', dataflow_ex_5.cpp:91) on port 'gmem1' (dataflow_ex_5.cpp:91) [38]  (7.3 ns)

 <State 69>: 7.3ns
The critical path consists of the following:
	bus response operation ('gmem1_addr_resp', dataflow_ex_5.cpp:91) on port 'gmem1' (dataflow_ex_5.cpp:91) [38]  (7.3 ns)

 <State 70>: 7.3ns
The critical path consists of the following:
	bus response operation ('gmem1_addr_resp', dataflow_ex_5.cpp:91) on port 'gmem1' (dataflow_ex_5.cpp:91) [38]  (7.3 ns)

 <State 71>: 7.3ns
The critical path consists of the following:
	bus response operation ('gmem1_addr_resp', dataflow_ex_5.cpp:91) on port 'gmem1' (dataflow_ex_5.cpp:91) [38]  (7.3 ns)

 <State 72>: 7.3ns
The critical path consists of the following:
	bus response operation ('gmem1_addr_resp', dataflow_ex_5.cpp:91) on port 'gmem1' (dataflow_ex_5.cpp:91) [38]  (7.3 ns)

 <State 73>: 7.3ns
The critical path consists of the following:
	bus response operation ('gmem1_addr_resp', dataflow_ex_5.cpp:91) on port 'gmem1' (dataflow_ex_5.cpp:91) [38]  (7.3 ns)


============================================================
+ Verbose Summary: Binding
============================================================
N/A
* FSMD analyzer results:
  - Output states:
 - Input state : 
  - Chain level:
	State 1
	State 2
	State 3
	State 4
	State 5
	State 6
	State 7
	State 8
	State 9
	State 10
	State 11
	State 12
	State 13
	State 14
	State 15
	State 16
	State 17
	State 18
	State 19
	State 20
	State 21
	State 22
	State 23
	State 24
	State 25
	State 26
	State 27
	State 28
	State 29
	State 30
	State 31
	State 32
	State 33
	State 34
	State 35
	State 36
	State 37
	State 38
	State 39
	State 40
	State 41
	State 42
	State 43
	State 44
	State 45
	State 46
	State 47
	State 48
	State 49
	State 50
	State 51
	State 52
	State 53
	State 54
	State 55
	State 56
	State 57
	State 58
	State 59
	State 60
	State 61
	State 62
	State 63
	State 64
	State 65
	State 66
	State 67
	State 68
	State 69
	State 70
	State 71
	State 72
	State 73


============================================================
+ Verbose Summary: Datapath Resource usage 
============================================================
N/A
