#-----------------------------------------------------------
# Vivado v2022.1 (64-bit)
# SW Build 3526262 on Mon Apr 18 15:48:16 MDT 2022
# IP Build 3524634 on Mon Apr 18 20:55:01 MDT 2022
# Start of session at: Mon Nov 11 15:44:32 2024
# Process ID: 30076
# Current directory: C:/Users/gudtj/OneDrive/Desktop/24-2/SoC/SoC_HTL_Practice/241105
# Command line: vivado.exe -gui_launcher_event rodinguilauncherevent19108 C:\Users\gudtj\OneDrive\Desktop\24-2\SoC\SoC_HTL_Practice\241105\241105.xpr
# Log file: C:/Users/gudtj/OneDrive/Desktop/24-2/SoC/SoC_HTL_Practice/241105/vivado.log
# Journal file: C:/Users/gudtj/OneDrive/Desktop/24-2/SoC/SoC_HTL_Practice/241105\vivado.jou
# Running On: HyungsunYoo, OS: Windows, CPU Frequency: 2496 MHz, CPU Physical cores: 10, Host memory: 68342 MB
#-----------------------------------------------------------
start_gui
open_project C:/Users/gudtj/OneDrive/Desktop/24-2/SoC/SoC_HTL_Practice/241105/241105.xpr
WARNING: [Board 49-26] cannot add Board Part xilinx.com:vpk120_es:part0:1.2 available at C:/Xilinx/Vivado/2022.1/data/xhub/boards/XilinxBoardStore/boards/Xilinx/vpk120/es/1.2/board.xml as part xcvp1202-vsva2785-2mp-e-s-es1 specified in board_part file is either invalid or not available
WARNING: [Board 49-26] cannot add Board Part xilinx.com:vpk120_es_revb:part0:1.0 available at C:/Xilinx/Vivado/2022.1/data/xhub/boards/XilinxBoardStore/boards/Xilinx/vpk120_revb/es/1.0/board.xml as part xcvp1202-vsva2785-2mp-e-s-es1 specified in board_part file is either invalid or not available
WARNING: [Board 49-26] cannot add Board Part xilinx.com:zcu208ld:part0:2.0 available at C:/Xilinx/Vivado/2022.1/data/xhub/boards/XilinxBoardStore/boards/Xilinx/zcu208ld/production/2.0/board.xml as part xczu58dr-fsvg1517-2-i specified in board_part file is either invalid or not available
WARNING: [Board 49-26] cannot add Board Part xilinx.com:zcu216ld:part0:2.0 available at C:/Xilinx/Vivado/2022.1/data/xhub/boards/XilinxBoardStore/boards/Xilinx/zcu216ld/production/2.0/board.xml as part xczu59dr-ffvf1760-2-i specified in board_part file is either invalid or not available
WARNING: [Board 49-26] cannot add Board Part xilinx.com:zcu670:part0:2.0 available at C:/Xilinx/Vivado/2022.1/data/xhub/boards/XilinxBoardStore/boards/Xilinx/zcu670/2.0/board.xml as part xczu67dr-fsve1156-2-i specified in board_part file is either invalid or not available
WARNING: [Board 49-26] cannot add Board Part xilinx.com:zcu670ld:part0:1.0 available at C:/Xilinx/Vivado/2022.1/data/xhub/boards/XilinxBoardStore/boards/Xilinx/zcu670ld/1.0/board.xml as part xczu57dr-fsve1156-2-i specified in board_part file is either invalid or not available
INFO: [Project 1-313] Project file moved from 'C:/Users/gudtj/OneDrive/Desktop/SoC_HTL_Practice/241105' since last save.
INFO: [filemgmt 56-1] Board Part Repository Path: Directory not found as 'C:/Users/gudtj/OneDrive/Desktop/AppData/Roaming/Xilinx/Vivado/2022.1/xhub/board_store/xilinx_board_store'; using path 'C:/Users/gudtj/AppData/Roaming/Xilinx/Vivado/2022.1/xhub/board_store/xilinx_board_store' instead.
INFO: [filemgmt 56-2] Default IP Output Path : Could not find the directory 'C:/Users/gudtj/OneDrive/Desktop/24-2/SoC/SoC_HTL_Practice/241105/241105.gen/sources_1', nor could it be found using path 'C:/Users/gudtj/OneDrive/Desktop/SoC_HTL_Practice/241105/241105.gen/sources_1'.
Scanning sources...
Finished scanning sources
INFO: [IP_Flow 19-234] Refreshing IP repositories
INFO: [IP_Flow 19-1704] No user IP repositories specified
INFO: [IP_Flow 19-2313] Loaded Vivado IP repository 'C:/Xilinx/Vivado/2022.1/data/ip'.
open_project: Time (s): cpu = 00:00:10 ; elapsed = 00:00:08 . Memory (MB): peak = 1637.219 ; gain = 0.000
update_compile_order -fileset sources_1
reset_run synth_1
INFO: [Project 1-1161] Replacing file C:/Users/gudtj/OneDrive/Desktop/24-2/SoC/SoC_HTL_Practice/241105/241105.srcs/utils_1/imports/synth_1/counter15.dcp with file C:/Users/gudtj/OneDrive/Desktop/24-2/SoC/SoC_HTL_Practice/241105/241105.runs/synth_1/counter15.dcp
launch_runs synth_1 -jobs 6
[Mon Nov 11 15:45:05 2024] Launched synth_1...
Run output will be captured here: C:/Users/gudtj/OneDrive/Desktop/24-2/SoC/SoC_HTL_Practice/241105/241105.runs/synth_1/runme.log
exit
INFO: [Common 17-206] Exiting Vivado at Mon Nov 11 15:46:00 2024...
