

================================================================
== Vitis HLS Report for 'dataflow_in_loop_VITIS_LOOP_112_1'
================================================================
* Date:           Tue Nov 12 11:52:55 2024

* Version:        2022.1 (Build 3526262 on Mon Apr 18 15:48:16 MDT 2022)
* Project:        dataflow
* Solution:       solution1 (Vitis Kernel Flow Target)
* Product family: zynquplus
* Target device:  xczu3eg-sbva484-1-i


================================================================
== Performance Estimates
================================================================
+ Timing: 
    * Summary: 
    +--------+----------+----------+------------+
    |  Clock |  Target  | Estimated| Uncertainty|
    +--------+----------+----------+------------+
    |ap_clk  |  10.00 ns|  7.300 ns|     2.70 ns|
    +--------+----------+----------+------------+

+ Latency: 
    * Summary: 
    +---------+---------+----------+----------+-----+-----+----------+
    |  Latency (cycles) |  Latency (absolute) |  Interval | Pipeline |
    |   min   |   max   |    min   |    max   | min | max |   Type   |
    +---------+---------+----------+----------+-----+-----+----------+
    |      191|      191|  1.910 us|  1.910 us|   87|   87|  dataflow|
    +---------+---------+----------+----------+-----+-----+----------+

    + Detail: 
        * Instance: 
        +---------------+------------+---------+---------+----------+----------+-----+-----+---------+
        |               |            |  Latency (cycles) |  Latency (absolute) |  Interval | Pipeline|
        |    Instance   |   Module   |   min   |   max   |    min   |    max   | min | max |   Type  |
        +---------------+------------+---------+---------+----------+----------+-----+-----+---------+
        |readDram_U0    |readDram    |       86|       86|  0.860 us|  0.860 us|   86|   86|       no|
        |weightDram_U0  |weightDram  |       86|       86|  0.860 us|  0.860 us|   86|   86|       no|
        |run_PE_U0      |run_PE      |       28|       28|  0.280 us|  0.280 us|   28|   28|       no|
        |entry_proc_U0  |entry_proc  |        0|        0|      0 ns|      0 ns|    0|    0|       no|
        |writeDram_U0   |writeDram   |       75|       75|  0.750 us|  0.750 us|   75|   75|       no|
        +---------------+------------+---------+---------+----------+----------+-----+-----+---------+

        * Loop: 
        N/A



================================================================
== Utilization Estimates
================================================================
* Summary: 
+-----------------+---------+-----+--------+-------+-----+
|       Name      | BRAM_18K| DSP |   FF   |  LUT  | URAM|
+-----------------+---------+-----+--------+-------+-----+
|DSP              |        -|    -|       -|      -|    -|
|Expression       |        -|    -|       0|     42|    -|
|FIFO             |        -|    -|     198|    134|    -|
|Instance         |        0|    0|     571|   1836|    0|
|Memory           |        0|    -|      64|     12|    0|
|Multiplexer      |        -|    -|       -|     72|    -|
|Register         |        -|    -|       8|      -|    -|
+-----------------+---------+-----+--------+-------+-----+
|Total            |        0|    0|     841|   2096|    0|
+-----------------+---------+-----+--------+-------+-----+
|Available        |      432|  360|  141120|  70560|    0|
+-----------------+---------+-----+--------+-------+-----+
|Utilization (%)  |        0|    0|      ~0|      2|    0|
+-----------------+---------+-----+--------+-------+-----+

+ Detail: 
    * Instance: 
    +---------------+------------+---------+----+-----+-----+-----+
    |    Instance   |   Module   | BRAM_18K| DSP|  FF | LUT | URAM|
    +---------------+------------+---------+----+-----+-----+-----+
    |entry_proc_U0  |entry_proc  |        0|   0|    2|   20|    0|
    |readDram_U0    |readDram    |        0|   0|  102|  501|    0|
    |run_PE_U0      |run_PE      |        0|   0|  102|  352|    0|
    |weightDram_U0  |weightDram  |        0|   0|  100|  492|    0|
    |writeDram_U0   |writeDram   |        0|   0|  265|  471|    0|
    +---------------+------------+---------+----+-----+-----+-----+
    |Total          |            |        0|   0|  571| 1836|    0|
    +---------------+------------+---------+----+-----+-----+-----+

    * DSP: 
    N/A

    * Memory: 
    +----------------+------------------------------------------------------------+---------+----+----+-----+------+-----+------+-------------+
    |     Memory     |                           Module                           | BRAM_18K| FF | LUT| URAM| Words| Bits| Banks| W*Bits*Banks|
    +----------------+------------------------------------------------------------+---------+----+----+-----+------+-----+------+-------------+
    |input_buf_U     |dataflow_in_loop_VITIS_LOOP_112_1_input_buf_RAM_AUTO_1R1W   |        0|   8|   2|    0|     8|    8|     1|           64|
    |input_buf_1_U   |dataflow_in_loop_VITIS_LOOP_112_1_input_buf_RAM_AUTO_1R1W   |        0|   8|   2|    0|     8|    8|     1|           64|
    |weight_buf_U    |dataflow_in_loop_VITIS_LOOP_112_1_input_buf_RAM_AUTO_1R1W   |        0|   8|   2|    0|     8|    8|     1|           64|
    |weight_buf_1_U  |dataflow_in_loop_VITIS_LOOP_112_1_input_buf_RAM_AUTO_1R1W   |        0|   8|   2|    0|     8|    8|     1|           64|
    |output_buf_U    |dataflow_in_loop_VITIS_LOOP_112_1_output_buf_RAM_AUTO_1R1W  |        0|  32|   4|    0|     4|   32|     1|          128|
    +----------------+------------------------------------------------------------+---------+----+----+-----+------+-----+------+-------------+
    |Total           |                                                            |        0|  64|  12|    0|    36|   64|     5|          384|
    +----------------+------------------------------------------------------------+---------+----+----+-----+------+-----+------+-------------+

    * FIFO: 
    +--------------+---------+----+----+-----+------+-----+---------+
    |     Name     | BRAM_18K| FF | LUT| URAM| Depth| Bits| Size:D*B|
    +--------------+---------+----+----+-----+------+-----+---------+
    |output_r_c_U  |        0|  99|   0|    -|     4|   64|      256|
    |tmp_U         |        0|  99|   0|    -|     2|    2|        4|
    +--------------+---------+----+----+-----+------+-----+---------+
    |Total         |        0| 198|   0|    0|     6|   66|      260|
    +--------------+---------+----+----+-----+------+-----+---------+

    * Expression: 
    +------------------------------------+----------+----+---+----+------------+------------+
    |            Variable Name           | Operation| DSP| FF| LUT| Bitwidth P0| Bitwidth P1|
    +------------------------------------+----------+----+---+----+------------+------------+
    |ap_channel_done_input_buf           |       and|   0|  0|   2|           1|           1|
    |ap_channel_done_input_buf_1         |       and|   0|  0|   2|           1|           1|
    |ap_channel_done_tmp                 |       and|   0|  0|   2|           1|           1|
    |ap_channel_done_weight_buf          |       and|   0|  0|   2|           1|           1|
    |ap_channel_done_weight_buf_1        |       and|   0|  0|   2|           1|           1|
    |ap_idle                             |       and|   0|  0|   2|           1|           1|
    |ap_sync_ready                       |       and|   0|  0|   2|           1|           1|
    |entry_proc_U0_ap_start              |       and|   0|  0|   2|           1|           1|
    |readDram_U0_ap_continue             |       and|   0|  0|   2|           1|           1|
    |readDram_U0_ap_start                |       and|   0|  0|   2|           1|           1|
    |run_PE_U0_ap_start                  |       and|   0|  0|   2|           1|           1|
    |weightDram_U0_ap_continue           |       and|   0|  0|   2|           1|           1|
    |weightDram_U0_ap_start              |       and|   0|  0|   2|           1|           1|
    |ap_sync_channel_write_input_buf     |        or|   0|  0|   2|           1|           1|
    |ap_sync_channel_write_input_buf_1   |        or|   0|  0|   2|           1|           1|
    |ap_sync_channel_write_tmp           |        or|   0|  0|   2|           1|           1|
    |ap_sync_channel_write_weight_buf    |        or|   0|  0|   2|           1|           1|
    |ap_sync_channel_write_weight_buf_1  |        or|   0|  0|   2|           1|           1|
    |ap_sync_entry_proc_U0_ap_ready      |        or|   0|  0|   2|           1|           1|
    |ap_sync_readDram_U0_ap_ready        |        or|   0|  0|   2|           1|           1|
    |ap_sync_weightDram_U0_ap_ready      |        or|   0|  0|   2|           1|           1|
    +------------------------------------+----------+----+---+----+------------+------------+
    |Total                               |          |   0|  0|  42|          21|          21|
    +------------------------------------+----------+----+---+----+------------+------------+

    * Multiplexer: 
    +----------------------------------------+----+-----------+-----+-----------+
    |                  Name                  | LUT| Input Size| Bits| Total Bits|
    +----------------------------------------+----+-----------+-----+-----------+
    |ap_sync_reg_channel_write_input_buf     |   9|          2|    1|          2|
    |ap_sync_reg_channel_write_input_buf_1   |   9|          2|    1|          2|
    |ap_sync_reg_channel_write_tmp           |   9|          2|    1|          2|
    |ap_sync_reg_channel_write_weight_buf    |   9|          2|    1|          2|
    |ap_sync_reg_channel_write_weight_buf_1  |   9|          2|    1|          2|
    |ap_sync_reg_entry_proc_U0_ap_ready      |   9|          2|    1|          2|
    |ap_sync_reg_readDram_U0_ap_ready        |   9|          2|    1|          2|
    |ap_sync_reg_weightDram_U0_ap_ready      |   9|          2|    1|          2|
    +----------------------------------------+----+-----------+-----+-----------+
    |Total                                   |  72|         16|    8|         16|
    +----------------------------------------+----+-----------+-----+-----------+

    * Register: 
    +----------------------------------------+---+----+-----+-----------+
    |                  Name                  | FF| LUT| Bits| Const Bits|
    +----------------------------------------+---+----+-----+-----------+
    |ap_sync_reg_channel_write_input_buf     |  1|   0|    1|          0|
    |ap_sync_reg_channel_write_input_buf_1   |  1|   0|    1|          0|
    |ap_sync_reg_channel_write_tmp           |  1|   0|    1|          0|
    |ap_sync_reg_channel_write_weight_buf    |  1|   0|    1|          0|
    |ap_sync_reg_channel_write_weight_buf_1  |  1|   0|    1|          0|
    |ap_sync_reg_entry_proc_U0_ap_ready      |  1|   0|    1|          0|
    |ap_sync_reg_readDram_U0_ap_ready        |  1|   0|    1|          0|
    |ap_sync_reg_weightDram_U0_ap_ready      |  1|   0|    1|          0|
    +----------------------------------------+---+----+-----+-----------+
    |Total                                   |  8|   0|    8|          0|
    +----------------------------------------+---+----+-----+-----------+



================================================================
== Interface
================================================================
* Summary: 
+----------------------+-----+-----+------------+-----------------------------------+--------------+
|       RTL Ports      | Dir | Bits|  Protocol  |           Source Object           |    C Type    |
+----------------------+-----+-----+------------+-----------------------------------+--------------+
|ap_clk                |   in|    1|  ap_ctrl_hs|  dataflow_in_loop_VITIS_LOOP_112_1|  return value|
|ap_rst                |   in|    1|  ap_ctrl_hs|  dataflow_in_loop_VITIS_LOOP_112_1|  return value|
|ap_start              |   in|    1|  ap_ctrl_hs|  dataflow_in_loop_VITIS_LOOP_112_1|  return value|
|ap_done               |  out|    1|  ap_ctrl_hs|  dataflow_in_loop_VITIS_LOOP_112_1|  return value|
|ap_ready              |  out|    1|  ap_ctrl_hs|  dataflow_in_loop_VITIS_LOOP_112_1|  return value|
|ap_idle               |  out|    1|  ap_ctrl_hs|  dataflow_in_loop_VITIS_LOOP_112_1|  return value|
|ap_continue           |   in|    1|  ap_ctrl_hs|  dataflow_in_loop_VITIS_LOOP_112_1|  return value|
|m_axi_gmem0_AWVALID   |  out|    1|       m_axi|                              gmem0|       pointer|
|m_axi_gmem0_AWREADY   |   in|    1|       m_axi|                              gmem0|       pointer|
|m_axi_gmem0_AWADDR    |  out|   64|       m_axi|                              gmem0|       pointer|
|m_axi_gmem0_AWID      |  out|    1|       m_axi|                              gmem0|       pointer|
|m_axi_gmem0_AWLEN     |  out|   32|       m_axi|                              gmem0|       pointer|
|m_axi_gmem0_AWSIZE    |  out|    3|       m_axi|                              gmem0|       pointer|
|m_axi_gmem0_AWBURST   |  out|    2|       m_axi|                              gmem0|       pointer|
|m_axi_gmem0_AWLOCK    |  out|    2|       m_axi|                              gmem0|       pointer|
|m_axi_gmem0_AWCACHE   |  out|    4|       m_axi|                              gmem0|       pointer|
|m_axi_gmem0_AWPROT    |  out|    3|       m_axi|                              gmem0|       pointer|
|m_axi_gmem0_AWQOS     |  out|    4|       m_axi|                              gmem0|       pointer|
|m_axi_gmem0_AWREGION  |  out|    4|       m_axi|                              gmem0|       pointer|
|m_axi_gmem0_AWUSER    |  out|    1|       m_axi|                              gmem0|       pointer|
|m_axi_gmem0_WVALID    |  out|    1|       m_axi|                              gmem0|       pointer|
|m_axi_gmem0_WREADY    |   in|    1|       m_axi|                              gmem0|       pointer|
|m_axi_gmem0_WDATA     |  out|    8|       m_axi|                              gmem0|       pointer|
|m_axi_gmem0_WSTRB     |  out|    1|       m_axi|                              gmem0|       pointer|
|m_axi_gmem0_WLAST     |  out|    1|       m_axi|                              gmem0|       pointer|
|m_axi_gmem0_WID       |  out|    1|       m_axi|                              gmem0|       pointer|
|m_axi_gmem0_WUSER     |  out|    1|       m_axi|                              gmem0|       pointer|
|m_axi_gmem0_ARVALID   |  out|    1|       m_axi|                              gmem0|       pointer|
|m_axi_gmem0_ARREADY   |   in|    1|       m_axi|                              gmem0|       pointer|
|m_axi_gmem0_ARADDR    |  out|   64|       m_axi|                              gmem0|       pointer|
|m_axi_gmem0_ARID      |  out|    1|       m_axi|                              gmem0|       pointer|
|m_axi_gmem0_ARLEN     |  out|   32|       m_axi|                              gmem0|       pointer|
|m_axi_gmem0_ARSIZE    |  out|    3|       m_axi|                              gmem0|       pointer|
|m_axi_gmem0_ARBURST   |  out|    2|       m_axi|                              gmem0|       pointer|
|m_axi_gmem0_ARLOCK    |  out|    2|       m_axi|                              gmem0|       pointer|
|m_axi_gmem0_ARCACHE   |  out|    4|       m_axi|                              gmem0|       pointer|
|m_axi_gmem0_ARPROT    |  out|    3|       m_axi|                              gmem0|       pointer|
|m_axi_gmem0_ARQOS     |  out|    4|       m_axi|                              gmem0|       pointer|
|m_axi_gmem0_ARREGION  |  out|    4|       m_axi|                              gmem0|       pointer|
|m_axi_gmem0_ARUSER    |  out|    1|       m_axi|                              gmem0|       pointer|
|m_axi_gmem0_RVALID    |   in|    1|       m_axi|                              gmem0|       pointer|
|m_axi_gmem0_RREADY    |  out|    1|       m_axi|                              gmem0|       pointer|
|m_axi_gmem0_RDATA     |   in|    8|       m_axi|                              gmem0|       pointer|
|m_axi_gmem0_RLAST     |   in|    1|       m_axi|                              gmem0|       pointer|
|m_axi_gmem0_RID       |   in|    1|       m_axi|                              gmem0|       pointer|
|m_axi_gmem0_RFIFONUM  |   in|   11|       m_axi|                              gmem0|       pointer|
|m_axi_gmem0_RUSER     |   in|    1|       m_axi|                              gmem0|       pointer|
|m_axi_gmem0_RRESP     |   in|    2|       m_axi|                              gmem0|       pointer|
|m_axi_gmem0_BVALID    |   in|    1|       m_axi|                              gmem0|       pointer|
|m_axi_gmem0_BREADY    |  out|    1|       m_axi|                              gmem0|       pointer|
|m_axi_gmem0_BRESP     |   in|    2|       m_axi|                              gmem0|       pointer|
|m_axi_gmem0_BID       |   in|    1|       m_axi|                              gmem0|       pointer|
|m_axi_gmem0_BUSER     |   in|    1|       m_axi|                              gmem0|       pointer|
|channel_i             |   in|    3|     ap_none|                          channel_i|        scalar|
|channel_i_ap_vld      |   in|    1|     ap_none|                          channel_i|        scalar|
|m_axi_gmem2_AWVALID   |  out|    1|       m_axi|                              gmem2|       pointer|
|m_axi_gmem2_AWREADY   |   in|    1|       m_axi|                              gmem2|       pointer|
|m_axi_gmem2_AWADDR    |  out|   64|       m_axi|                              gmem2|       pointer|
|m_axi_gmem2_AWID      |  out|    1|       m_axi|                              gmem2|       pointer|
|m_axi_gmem2_AWLEN     |  out|   32|       m_axi|                              gmem2|       pointer|
|m_axi_gmem2_AWSIZE    |  out|    3|       m_axi|                              gmem2|       pointer|
|m_axi_gmem2_AWBURST   |  out|    2|       m_axi|                              gmem2|       pointer|
|m_axi_gmem2_AWLOCK    |  out|    2|       m_axi|                              gmem2|       pointer|
|m_axi_gmem2_AWCACHE   |  out|    4|       m_axi|                              gmem2|       pointer|
|m_axi_gmem2_AWPROT    |  out|    3|       m_axi|                              gmem2|       pointer|
|m_axi_gmem2_AWQOS     |  out|    4|       m_axi|                              gmem2|       pointer|
|m_axi_gmem2_AWREGION  |  out|    4|       m_axi|                              gmem2|       pointer|
|m_axi_gmem2_AWUSER    |  out|    1|       m_axi|                              gmem2|       pointer|
|m_axi_gmem2_WVALID    |  out|    1|       m_axi|                              gmem2|       pointer|
|m_axi_gmem2_WREADY    |   in|    1|       m_axi|                              gmem2|       pointer|
|m_axi_gmem2_WDATA     |  out|    8|       m_axi|                              gmem2|       pointer|
|m_axi_gmem2_WSTRB     |  out|    1|       m_axi|                              gmem2|       pointer|
|m_axi_gmem2_WLAST     |  out|    1|       m_axi|                              gmem2|       pointer|
|m_axi_gmem2_WID       |  out|    1|       m_axi|                              gmem2|       pointer|
|m_axi_gmem2_WUSER     |  out|    1|       m_axi|                              gmem2|       pointer|
|m_axi_gmem2_ARVALID   |  out|    1|       m_axi|                              gmem2|       pointer|
|m_axi_gmem2_ARREADY   |   in|    1|       m_axi|                              gmem2|       pointer|
|m_axi_gmem2_ARADDR    |  out|   64|       m_axi|                              gmem2|       pointer|
|m_axi_gmem2_ARID      |  out|    1|       m_axi|                              gmem2|       pointer|
|m_axi_gmem2_ARLEN     |  out|   32|       m_axi|                              gmem2|       pointer|
|m_axi_gmem2_ARSIZE    |  out|    3|       m_axi|                              gmem2|       pointer|
|m_axi_gmem2_ARBURST   |  out|    2|       m_axi|                              gmem2|       pointer|
|m_axi_gmem2_ARLOCK    |  out|    2|       m_axi|                              gmem2|       pointer|
|m_axi_gmem2_ARCACHE   |  out|    4|       m_axi|                              gmem2|       pointer|
|m_axi_gmem2_ARPROT    |  out|    3|       m_axi|                              gmem2|       pointer|
|m_axi_gmem2_ARQOS     |  out|    4|       m_axi|                              gmem2|       pointer|
|m_axi_gmem2_ARREGION  |  out|    4|       m_axi|                              gmem2|       pointer|
|m_axi_gmem2_ARUSER    |  out|    1|       m_axi|                              gmem2|       pointer|
|m_axi_gmem2_RVALID    |   in|    1|       m_axi|                              gmem2|       pointer|
|m_axi_gmem2_RREADY    |  out|    1|       m_axi|                              gmem2|       pointer|
|m_axi_gmem2_RDATA     |   in|    8|       m_axi|                              gmem2|       pointer|
|m_axi_gmem2_RLAST     |   in|    1|       m_axi|                              gmem2|       pointer|
|m_axi_gmem2_RID       |   in|    1|       m_axi|                              gmem2|       pointer|
|m_axi_gmem2_RFIFONUM  |   in|   11|       m_axi|                              gmem2|       pointer|
|m_axi_gmem2_RUSER     |   in|    1|       m_axi|                              gmem2|       pointer|
|m_axi_gmem2_RRESP     |   in|    2|       m_axi|                              gmem2|       pointer|
|m_axi_gmem2_BVALID    |   in|    1|       m_axi|                              gmem2|       pointer|
|m_axi_gmem2_BREADY    |  out|    1|       m_axi|                              gmem2|       pointer|
|m_axi_gmem2_BRESP     |   in|    2|       m_axi|                              gmem2|       pointer|
|m_axi_gmem2_BID       |   in|    1|       m_axi|                              gmem2|       pointer|
|m_axi_gmem2_BUSER     |   in|    1|       m_axi|                              gmem2|       pointer|
|m_axi_gmem1_AWVALID   |  out|    1|       m_axi|                              gmem1|       pointer|
|m_axi_gmem1_AWREADY   |   in|    1|       m_axi|                              gmem1|       pointer|
|m_axi_gmem1_AWADDR    |  out|   64|       m_axi|                              gmem1|       pointer|
|m_axi_gmem1_AWID      |  out|    1|       m_axi|                              gmem1|       pointer|
|m_axi_gmem1_AWLEN     |  out|   32|       m_axi|                              gmem1|       pointer|
|m_axi_gmem1_AWSIZE    |  out|    3|       m_axi|                              gmem1|       pointer|
|m_axi_gmem1_AWBURST   |  out|    2|       m_axi|                              gmem1|       pointer|
|m_axi_gmem1_AWLOCK    |  out|    2|       m_axi|                              gmem1|       pointer|
|m_axi_gmem1_AWCACHE   |  out|    4|       m_axi|                              gmem1|       pointer|
|m_axi_gmem1_AWPROT    |  out|    3|       m_axi|                              gmem1|       pointer|
|m_axi_gmem1_AWQOS     |  out|    4|       m_axi|                              gmem1|       pointer|
|m_axi_gmem1_AWREGION  |  out|    4|       m_axi|                              gmem1|       pointer|
|m_axi_gmem1_AWUSER    |  out|    1|       m_axi|                              gmem1|       pointer|
|m_axi_gmem1_WVALID    |  out|    1|       m_axi|                              gmem1|       pointer|
|m_axi_gmem1_WREADY    |   in|    1|       m_axi|                              gmem1|       pointer|
|m_axi_gmem1_WDATA     |  out|   64|       m_axi|                              gmem1|       pointer|
|m_axi_gmem1_WSTRB     |  out|    8|       m_axi|                              gmem1|       pointer|
|m_axi_gmem1_WLAST     |  out|    1|       m_axi|                              gmem1|       pointer|
|m_axi_gmem1_WID       |  out|    1|       m_axi|                              gmem1|       pointer|
|m_axi_gmem1_WUSER     |  out|    1|       m_axi|                              gmem1|       pointer|
|m_axi_gmem1_ARVALID   |  out|    1|       m_axi|                              gmem1|       pointer|
|m_axi_gmem1_ARREADY   |   in|    1|       m_axi|                              gmem1|       pointer|
|m_axi_gmem1_ARADDR    |  out|   64|       m_axi|                              gmem1|       pointer|
|m_axi_gmem1_ARID      |  out|    1|       m_axi|                              gmem1|       pointer|
|m_axi_gmem1_ARLEN     |  out|   32|       m_axi|                              gmem1|       pointer|
|m_axi_gmem1_ARSIZE    |  out|    3|       m_axi|                              gmem1|       pointer|
|m_axi_gmem1_ARBURST   |  out|    2|       m_axi|                              gmem1|       pointer|
|m_axi_gmem1_ARLOCK    |  out|    2|       m_axi|                              gmem1|       pointer|
|m_axi_gmem1_ARCACHE   |  out|    4|       m_axi|                              gmem1|       pointer|
|m_axi_gmem1_ARPROT    |  out|    3|       m_axi|                              gmem1|       pointer|
|m_axi_gmem1_ARQOS     |  out|    4|       m_axi|                              gmem1|       pointer|
|m_axi_gmem1_ARREGION  |  out|    4|       m_axi|                              gmem1|       pointer|
|m_axi_gmem1_ARUSER    |  out|    1|       m_axi|                              gmem1|       pointer|
|m_axi_gmem1_RVALID    |   in|    1|       m_axi|                              gmem1|       pointer|
|m_axi_gmem1_RREADY    |  out|    1|       m_axi|                              gmem1|       pointer|
|m_axi_gmem1_RDATA     |   in|   64|       m_axi|                              gmem1|       pointer|
|m_axi_gmem1_RLAST     |   in|    1|       m_axi|                              gmem1|       pointer|
|m_axi_gmem1_RID       |   in|    1|       m_axi|                              gmem1|       pointer|
|m_axi_gmem1_RFIFONUM  |   in|    9|       m_axi|                              gmem1|       pointer|
|m_axi_gmem1_RUSER     |   in|    1|       m_axi|                              gmem1|       pointer|
|m_axi_gmem1_RRESP     |   in|    2|       m_axi|                              gmem1|       pointer|
|m_axi_gmem1_BVALID    |   in|    1|       m_axi|                              gmem1|       pointer|
|m_axi_gmem1_BREADY    |  out|    1|       m_axi|                              gmem1|       pointer|
|m_axi_gmem1_BRESP     |   in|    2|       m_axi|                              gmem1|       pointer|
|m_axi_gmem1_BID       |   in|    1|       m_axi|                              gmem1|       pointer|
|m_axi_gmem1_BUSER     |   in|    1|       m_axi|                              gmem1|       pointer|
|output_r              |   in|   64|     ap_none|                           output_r|        scalar|
|output_r_ap_vld       |   in|    1|     ap_none|                           output_r|        scalar|
+----------------------+-----+-----+------------+-----------------------------------+--------------+

